[2m2025-12-02T14:30:54.111480Z[0m [32m INFO[0m ThreadId(01) [2macp_tui[0m[2m:[0m [2mcrates/acp-tui/src/main.rs[0m[2m:[0m[2m133:[0m Tracing initialized with comprehensive logging [3mlog_file[0m[2m=[0m./logs/acp-tui-2025-12-02-143054.log
[2m2025-12-02T14:30:54.111498Z[0m [32m INFO[0m ThreadId(01) [2macp_tui[0m[2m:[0m [2mcrates/acp-tui/src/main.rs[0m[2m:[0m[2m134:[0m All events will be logged to ./logs/acp-tui-2025-12-02-143054.log for debugging
[2m2025-12-02T14:30:54.111511Z[0m [32m INFO[0m ThreadId(01) [2macp_tui[0m[2m:[0m [2mcrates/acp-tui/src/main.rs[0m[2m:[0m[2m73:[0m Starting ACP TUI client
[2m2025-12-02T14:30:54.111514Z[0m [32m INFO[0m ThreadId(01) [2macp_tui[0m[2m:[0m [2mcrates/acp-tui/src/main.rs[0m[2m:[0m[2m74:[0m Server: http://localhost:9999
[2m2025-12-02T14:30:54.111516Z[0m [32m INFO[0m ThreadId(01) [2macp_tui[0m[2m:[0m [2mcrates/acp-tui/src/main.rs[0m[2m:[0m[2m140:[0m Testing connectivity to ACP server...
[2m2025-12-02T14:30:54.111529Z[0m [32m INFO[0m ThreadId(01) [1mtest_connection[0m[1m{[0m[3mserver_url[0m[2m=[0mhttp://localhost:9999[1m}[0m[2m:[0m [2macp_tui::client[0m[2m:[0m [2mcrates/acp-tui/src/client.rs[0m[2m:[0m[2m58:[0m new
[2m2025-12-02T14:30:54.111538Z[0m [32m INFO[0m ThreadId(01) [1mtest_connection[0m[1m{[0m[3mserver_url[0m[2m=[0mhttp://localhost:9999[1m}[0m[2m:[0m [2macp_tui::client[0m[2m:[0m [2mcrates/acp-tui/src/client.rs[0m[2m:[0m[2m58:[0m enter
[2m2025-12-02T14:30:54.154070Z[0m [32m INFO[0m ThreadId(01) [1mtest_connection[0m[1m{[0m[3mserver_url[0m[2m=[0mhttp://localhost:9999[1m}[0m[2m:[0m [2macp_tui::client[0m[2m:[0m [2mcrates/acp-tui/src/client.rs[0m[2m:[0m[2m58:[0m exit
[2m2025-12-02T14:30:54.154969Z[0m [32m INFO[0m ThreadId(01) [1mtest_connection[0m[1m{[0m[3mserver_url[0m[2m=[0mhttp://localhost:9999[1m}[0m[2m:[0m [2macp_tui::client[0m[2m:[0m [2mcrates/acp-tui/src/client.rs[0m[2m:[0m[2m58:[0m enter
[2m2025-12-02T14:30:54.155094Z[0m [32m INFO[0m ThreadId(01) [1mtest_connection[0m[1m{[0m[3mserver_url[0m[2m=[0mhttp://localhost:9999[1m}[0m[2m:[0m [2macp_tui::client[0m[2m:[0m [2mcrates/acp-tui/src/client.rs[0m[2m:[0m[2m58:[0m exit
[2m2025-12-02T14:30:54.155148Z[0m [32m INFO[0m ThreadId(01) [1mtest_connection[0m[1m{[0m[3mserver_url[0m[2m=[0mhttp://localhost:9999[1m}[0m[2m:[0m [2macp_tui::client[0m[2m:[0m [2mcrates/acp-tui/src/client.rs[0m[2m:[0m[2m58:[0m enter
[2m2025-12-02T14:30:54.155257Z[0m [32m INFO[0m ThreadId(01) [1mtest_connection[0m[1m{[0m[3mserver_url[0m[2m=[0mhttp://localhost:9999[1m}[0m[2m:[0m [2macp_tui::client[0m[2m:[0m [2mcrates/acp-tui/src/client.rs[0m[2m:[0m[2m58:[0m exit
[2m2025-12-02T14:30:54.155306Z[0m [32m INFO[0m ThreadId(01) [1mtest_connection[0m[1m{[0m[3mserver_url[0m[2m=[0mhttp://localhost:9999[1m}[0m[2m:[0m [2macp_tui::client[0m[2m:[0m [2mcrates/acp-tui/src/client.rs[0m[2m:[0m[2m58:[0m enter
[2m2025-12-02T14:30:54.155357Z[0m [32m INFO[0m ThreadId(01) [1mtest_connection[0m[1m{[0m[3mserver_url[0m[2m=[0mhttp://localhost:9999[1m}[0m[2m:[0m [2macp_tui::client[0m[2m:[0m [2mcrates/acp-tui/src/client.rs[0m[2m:[0m[2m58:[0m exit
[2m2025-12-02T14:30:54.155440Z[0m [32m INFO[0m ThreadId(01) [1mtest_connection[0m[1m{[0m[3mserver_url[0m[2m=[0mhttp://localhost:9999[1m}[0m[2m:[0m [2macp_tui::client[0m[2m:[0m [2mcrates/acp-tui/src/client.rs[0m[2m:[0m[2m58:[0m enter
[2m2025-12-02T14:30:54.155470Z[0m [32m INFO[0m ThreadId(01) [1mtest_connection[0m[1m{[0m[3mserver_url[0m[2m=[0mhttp://localhost:9999[1m}[0m[2m:[0m [2macp_tui::client[0m[2m:[0m [2mcrates/acp-tui/src/client.rs[0m[2m:[0m[2m58:[0m exit
[2m2025-12-02T14:30:54.157087Z[0m [32m INFO[0m ThreadId(01) [1mtest_connection[0m[1m{[0m[3mserver_url[0m[2m=[0mhttp://localhost:9999[1m}[0m[2m:[0m [2macp_tui::client[0m[2m:[0m [2mcrates/acp-tui/src/client.rs[0m[2m:[0m[2m58:[0m enter
[2m2025-12-02T14:30:54.158211Z[0m [32m INFO[0m ThreadId(01) [1mtest_connection[0m[1m{[0m[3mserver_url[0m[2m=[0mhttp://localhost:9999[1m}[0m[2m:[0m [2macp_tui::client[0m[2m:[0m [2mcrates/acp-tui/src/client.rs[0m[2m:[0m[2m58:[0m exit
[2m2025-12-02T14:30:54.158218Z[0m [32m INFO[0m ThreadId(01) [1mtest_connection[0m[1m{[0m[3mserver_url[0m[2m=[0mhttp://localhost:9999[1m}[0m[2m:[0m [2macp_tui::client[0m[2m:[0m [2mcrates/acp-tui/src/client.rs[0m[2m:[0m[2m58:[0m enter
[2m2025-12-02T14:30:54.158221Z[0m [32m INFO[0m ThreadId(01) [1mtest_connection[0m[1m{[0m[3mserver_url[0m[2m=[0mhttp://localhost:9999[1m}[0m[2m:[0m [2macp_tui::client[0m[2m:[0m [2mcrates/acp-tui/src/client.rs[0m[2m:[0m[2m58:[0m exit
[2m2025-12-02T14:30:54.158223Z[0m [32m INFO[0m ThreadId(01) [1mtest_connection[0m[1m{[0m[3mserver_url[0m[2m=[0mhttp://localhost:9999[1m}[0m[2m:[0m [2macp_tui::client[0m[2m:[0m [2mcrates/acp-tui/src/client.rs[0m[2m:[0m[2m58:[0m close [3mtime.busy[0m[2m=[0m44.0ms [3mtime.idle[0m[2m=[0m2.72ms
[2m2025-12-02T14:30:54.158232Z[0m [32m INFO[0m ThreadId(01) [2macp_tui[0m[2m:[0m [2mcrates/acp-tui/src/main.rs[0m[2m:[0m[2m144:[0m ✓ Connected to ACP server successfully
[2m2025-12-02T14:30:54.158235Z[0m [32m INFO[0m ThreadId(01) [2macp_tui[0m[2m:[0m [2mcrates/acp-tui/src/main.rs[0m[2m:[0m[2m145:[0m   Server status: healthy
[2m2025-12-02T14:30:54.158237Z[0m [32m INFO[0m ThreadId(01) [2macp_tui[0m[2m:[0m [2mcrates/acp-tui/src/main.rs[0m[2m:[0m[2m147:[0m   Server message: ACP server is running
[2m2025-12-02T14:30:54.158242Z[0m [32m INFO[0m ThreadId(01) [1mnew[0m[2m:[0m [2macp_tui::application[0m[2m:[0m [2mcrates/acp-tui/src/application/mod.rs[0m[2m:[0m[2m78:[0m new
[2m2025-12-02T14:30:54.158244Z[0m [32m INFO[0m ThreadId(01) [1mnew[0m[2m:[0m [2macp_tui::application[0m[2m:[0m [2mcrates/acp-tui/src/application/mod.rs[0m[2m:[0m[2m78:[0m enter
[2m2025-12-02T14:30:54.158247Z[0m [32m INFO[0m ThreadId(01) [1mnew[0m[2m:[0m [2macp_tui::application[0m[2m:[0m [2mcrates/acp-tui/src/application/mod.rs[0m[2m:[0m[2m80:[0m Initializing Elm-based ACP TUI application
[2m2025-12-02T14:30:54.160407Z[0m [32m INFO[0m ThreadId(01) [1mnew[0m[2m:[0m [2macp_tui::application[0m[2m:[0m [2mcrates/acp-tui/src/application/mod.rs[0m[2m:[0m[2m84:[0m Generated client ID: tui_4cf938796002b6b4
[2m2025-12-02T14:30:54.197404Z[0m [32m INFO[0m ThreadId(01) [1mnew[0m[2m:[0m [2macp_tui::application[0m[2m:[0m [2mcrates/acp-tui/src/application/mod.rs[0m[2m:[0m[2m139:[0m Application initialized successfully
[2m2025-12-02T14:30:54.197425Z[0m [32m INFO[0m ThreadId(01) [1mnew[0m[2m:[0m [2macp_tui::application[0m[2m:[0m [2mcrates/acp-tui/src/application/mod.rs[0m[2m:[0m[2m78:[0m exit
[2m2025-12-02T14:30:54.197430Z[0m [32m INFO[0m ThreadId(01) [1mnew[0m[2m:[0m [2macp_tui::application[0m[2m:[0m [2mcrates/acp-tui/src/application/mod.rs[0m[2m:[0m[2m78:[0m enter
[2m2025-12-02T14:30:54.197432Z[0m [32m INFO[0m ThreadId(01) [1mnew[0m[2m:[0m [2macp_tui::application[0m[2m:[0m [2mcrates/acp-tui/src/application/mod.rs[0m[2m:[0m[2m78:[0m exit
[2m2025-12-02T14:30:54.197435Z[0m [32m INFO[0m ThreadId(01) [1mnew[0m[2m:[0m [2macp_tui::application[0m[2m:[0m [2mcrates/acp-tui/src/application/mod.rs[0m[2m:[0m[2m78:[0m close [3mtime.busy[0m[2m=[0m39.2ms [3mtime.idle[0m[2m=[0m10.3µs
[2m2025-12-02T14:30:54.197444Z[0m [32m INFO[0m ThreadId(01) [1mrun[0m[2m:[0m [2macp_tui::application[0m[2m:[0m [2mcrates/acp-tui/src/application/mod.rs[0m[2m:[0m[2m155:[0m new
[2m2025-12-02T14:30:54.197449Z[0m [32m INFO[0m ThreadId(01) [1mrun[0m[2m:[0m [2macp_tui::application[0m[2m:[0m [2mcrates/acp-tui/src/application/mod.rs[0m[2m:[0m[2m155:[0m enter
[2m2025-12-02T14:30:54.197451Z[0m [32m INFO[0m ThreadId(01) [1mrun[0m[2m:[0m [2macp_tui::application[0m[2m:[0m [2mcrates/acp-tui/src/application/mod.rs[0m[2m:[0m[2m157:[0m Starting application main loop
[2m2025-12-02T14:30:54.197454Z[0m [32m INFO[0m ThreadId(01) [1mrun[0m[2m:[0m [2macp_tui::services::websocket_manager[0m[2m:[0m [2mcrates/acp-tui/src/services/websocket_manager.rs[0m[2m:[0m[2m34:[0m Starting WebSocket connection to http://localhost:9999
[2m2025-12-02T14:30:54.239980Z[0m [32m INFO[0m ThreadId(01) [1mrun[0m[2m:[0m [2macp_tui::services::api[0m[2m:[0m [2mcrates/acp-tui/src/services/api.rs[0m[2m:[0m[2m126:[0m Creating subscription for client: tui_4cf938796002b6b4
[2m2025-12-02T14:30:54.240073Z[0m [32m INFO[0m ThreadId(01) [1mrun[0m[2m:[0m [2macp_tui::application[0m[2m:[0m [2mcrates/acp-tui/src/application/mod.rs[0m[2m:[0m[2m155:[0m exit
[2m2025-12-02T14:30:54.240469Z[0m [32m INFO[0m ThreadId(01) [1mrun[0m[2m:[0m [2macp_tui::application[0m[2m:[0m [2mcrates/acp-tui/src/application/mod.rs[0m[2m:[0m[2m155:[0m enter
[2m2025-12-02T14:30:54.240575Z[0m [32m INFO[0m ThreadId(01) [1mrun[0m[2m:[0m [2macp_tui::application[0m[2m:[0m [2mcrates/acp-tui/src/application/mod.rs[0m[2m:[0m[2m155:[0m exit
[2m2025-12-02T14:30:54.240580Z[0m [32m INFO[0m ThreadId(01) [1mrun[0m[2m:[0m [2macp_tui::application[0m[2m:[0m [2mcrates/acp-tui/src/application/mod.rs[0m[2m:[0m[2m155:[0m enter
[2m2025-12-02T14:30:54.240671Z[0m [32m INFO[0m ThreadId(01) [1mrun[0m[2m:[0m [2macp_tui::application[0m[2m:[0m [2mcrates/acp-tui/src/application/mod.rs[0m[2m:[0m[2m155:[0m exit
[2m2025-12-02T14:30:54.240676Z[0m [32m INFO[0m ThreadId(01) [1mrun[0m[2m:[0m [2macp_tui::application[0m[2m:[0m [2mcrates/acp-tui/src/application/mod.rs[0m[2m:[0m[2m155:[0m enter
[2m2025-12-02T14:30:54.240701Z[0m [32m INFO[0m ThreadId(01) [1mrun[0m[2m:[0m [2macp_tui::application[0m[2m:[0m [2mcrates/acp-tui/src/application/mod.rs[0m[2m:[0m[2m155:[0m exit
[2m2025-12-02T14:30:54.240738Z[0m [32m INFO[0m ThreadId(01) [1mrun[0m[2m:[0m [2macp_tui::application[0m[2m:[0m [2mcrates/acp-tui/src/application/mod.rs[0m[2m:[0m[2m155:[0m enter
[2m2025-12-02T14:30:54.240763Z[0m [32m INFO[0m ThreadId(01) [1mrun[0m[2m:[0m [2macp_tui::application[0m[2m:[0m [2mcrates/acp-tui/src/application/mod.rs[0m[2m:[0m[2m155:[0m exit
[2m2025-12-02T14:30:54.242695Z[0m [32m INFO[0m ThreadId(01) [1mrun[0m[2m:[0m [2macp_tui::application[0m[2m:[0m [2mcrates/acp-tui/src/application/mod.rs[0m[2m:[0m[2m155:[0m enter
[2m2025-12-02T14:30:54.242789Z[0m [32m INFO[0m ThreadId(01) [1mrun[0m[2m:[0m [2macp_tui::services::api[0m[2m:[0m [2mcrates/acp-tui/src/services/api.rs[0m[2m:[0m[2m138:[0m Subscription created: sub_e57b17b4-e060-4c74-9d29-d944a09a16e0
[2m2025-12-02T14:30:54.242797Z[0m [32m INFO[0m ThreadId(01) [1mrun[0m[2m:[0m [2macp_tui::services::websocket_manager[0m[2m:[0m [2mcrates/acp-tui/src/services/websocket_manager.rs[0m[2m:[0m[2m61:[0m WebSocket subscription created: sub_e57b17b4-e060-4c74-9d29-d944a09a16e0
[2m2025-12-02T14:30:54.284619Z[0m [32m INFO[0m ThreadId(01) [1mrun[0m[2m:[0m [2macp_tui::services::websocket_manager[0m[2m:[0m [2mcrates/acp-tui/src/services/websocket_manager.rs[0m[2m:[0m[2m67:[0m Connecting to WebSocket: ws://localhost:9999/stream/sub_e57b17b4-e060-4c74-9d29-d944a09a16e0
[2m2025-12-02T14:30:54.284703Z[0m [32m INFO[0m ThreadId(01) [1mrun[0m[2m:[0m [2macp_tui::application[0m[2m:[0m [2mcrates/acp-tui/src/application/mod.rs[0m[2m:[0m[2m155:[0m exit
[2m2025-12-02T14:30:54.285262Z[0m [32m INFO[0m ThreadId(01) [1mrun[0m[2m:[0m [2macp_tui::application[0m[2m:[0m [2mcrates/acp-tui/src/application/mod.rs[0m[2m:[0m[2m155:[0m enter
[2m2025-12-02T14:30:54.285364Z[0m [32m INFO[0m ThreadId(01) [1mrun[0m[2m:[0m [2macp_tui::application[0m[2m:[0m [2mcrates/acp-tui/src/application/mod.rs[0m[2m:[0m[2m155:[0m exit
[2m2025-12-02T14:30:54.285392Z[0m [32m INFO[0m ThreadId(01) [1mrun[0m[2m:[0m [2macp_tui::application[0m[2m:[0m [2mcrates/acp-tui/src/application/mod.rs[0m[2m:[0m[2m155:[0m enter
[2m2025-12-02T14:30:54.285492Z[0m [32m INFO[0m ThreadId(01) [1mrun[0m[2m:[0m [2macp_tui::application[0m[2m:[0m [2mcrates/acp-tui/src/application/mod.rs[0m[2m:[0m[2m155:[0m exit
[2m2025-12-02T14:30:54.285511Z[0m [32m INFO[0m ThreadId(01) [1mrun[0m[2m:[0m [2macp_tui::application[0m[2m:[0m [2mcrates/acp-tui/src/application/mod.rs[0m[2m:[0m[2m155:[0m enter
[2m2025-12-02T14:30:54.286956Z[0m [32m INFO[0m ThreadId(01) [1mrun[0m[2m:[0m [2macp_tui::application[0m[2m:[0m [2mcrates/acp-tui/src/application/mod.rs[0m[2m:[0m[2m155:[0m exit
[2m2025-12-02T14:30:54.287125Z[0m [32m INFO[0m ThreadId(01) [1mrun[0m[2m:[0m [2macp_tui::application[0m[2m:[0m [2mcrates/acp-tui/src/application/mod.rs[0m[2m:[0m[2m155:[0m enter
[2m2025-12-02T14:30:54.287151Z[0m [32m INFO[0m ThreadId(01) [1mrun[0m[2m:[0m [2macp_tui::services::websocket_manager[0m[2m:[0m [2mcrates/acp-tui/src/services/websocket_manager.rs[0m[2m:[0m[2m72:[0m WebSocket connected successfully
[2m2025-12-02T14:31:02.812985Z[0m [33m WARN[0m ThreadId(01) [1mrun[0m[2m:[0m [2macp_tui::application::update[0m[2m:[0m [2mcrates/acp-tui/src/application/update.rs[0m[2m:[0m[2m106:[0m Query submission attempted with empty query text
[2m2025-12-02T14:31:02.813015Z[0m [32m INFO[0m ThreadId(01) [1mrun[0m[2m:[0m [2macp_tui::utils::event_logger[0m[2m:[0m [2mcrates/acp-tui/src/utils/event_logger.rs[0m[2m:[0m[2m132:[0m Component focus changed [3mevent[0m[2m=[0m"focus_change" [3mfrom[0m[2m=[0mQueryInput [3mto[0m[2m=[0mQueryInput [3msuccess[0m[2m=[0mtrue
[2m2025-12-02T14:31:02.813023Z[0m [32m INFO[0m ThreadId(01) [1mrun[0m[2m:[0m [2macp_tui::utils::event_logger[0m[2m:[0m [2mcrates/acp-tui/src/utils/event_logger.rs[0m[2m:[0m[2m105:[0m Query execution started [3mevent[0m[2m=[0m"query_submitted"
[2m2025-12-02T14:31:08.129952Z[0m [32m INFO[0m ThreadId(01) [1mrun[0m[2m:[0m [2macp_tui::utils::event_logger[0m[2m:[0m [2mcrates/acp-tui/src/utils/event_logger.rs[0m[2m:[0m[2m132:[0m Component focus changed [3mevent[0m[2m=[0m"focus_change" [3mfrom[0m[2m=[0mQueryInput [3mto[0m[2m=[0mTimeline [3msuccess[0m[2m=[0mtrue
[2m2025-12-02T14:31:08.582501Z[0m [32m INFO[0m ThreadId(01) [1mrun[0m[2m:[0m [2macp_tui::application[0m[2m:[0m [2mcrates/acp-tui/src/application/mod.rs[0m[2m:[0m[2m228:[0m Quit message received, initiating shutdown
[2m2025-12-02T14:31:08.582530Z[0m [32m INFO[0m ThreadId(01) [1mrun[0m[2m:[0m [2macp_tui::application[0m[2m:[0m [2mcrates/acp-tui/src/application/mod.rs[0m[2m:[0m[2m196:[0m Initiating graceful shutdown
[2m2025-12-02T14:31:08.582537Z[0m [32m INFO[0m ThreadId(01) [1mrun[0m[2m:[0m [2macp_tui::services::websocket_manager[0m[2m:[0m [2mcrates/acp-tui/src/services/websocket_manager.rs[0m[2m:[0m[2m130:[0m Disconnecting WebSocket
[2m2025-12-02T14:31:08.582557Z[0m [32m INFO[0m ThreadId(01) [1mrun[0m[2m:[0m [2macp_tui::application[0m[2m:[0m [2mcrates/acp-tui/src/application/mod.rs[0m[2m:[0m[2m155:[0m exit
[2m2025-12-02T14:31:08.683789Z[0m [32m INFO[0m ThreadId(01) [1mrun[0m[2m:[0m [2macp_tui::application[0m[2m:[0m [2mcrates/acp-tui/src/application/mod.rs[0m[2m:[0m[2m155:[0m enter
[2m2025-12-02T14:31:08.683837Z[0m [32m INFO[0m ThreadId(01) [1mrun[0m[2m:[0m [2macp_tui::application[0m[2m:[0m [2mcrates/acp-tui/src/application/mod.rs[0m[2m:[0m[2m215:[0m Graceful shutdown complete
[2m2025-12-02T14:31:08.683846Z[0m [32m INFO[0m ThreadId(01) [1mrun[0m[2m:[0m [2macp_tui::application[0m[2m:[0m [2mcrates/acp-tui/src/application/mod.rs[0m[2m:[0m[2m155:[0m exit
[2m2025-12-02T14:31:08.683851Z[0m [32m INFO[0m ThreadId(01) [1mrun[0m[2m:[0m [2macp_tui::application[0m[2m:[0m [2mcrates/acp-tui/src/application/mod.rs[0m[2m:[0m[2m155:[0m enter
[2m2025-12-02T14:31:08.683855Z[0m [32m INFO[0m ThreadId(01) [1mrun[0m[2m:[0m [2macp_tui::application[0m[2m:[0m [2mcrates/acp-tui/src/application/mod.rs[0m[2m:[0m[2m155:[0m exit
[2m2025-12-02T14:31:08.683860Z[0m [32m INFO[0m ThreadId(01) [1mrun[0m[2m:[0m [2macp_tui::application[0m[2m:[0m [2mcrates/acp-tui/src/application/mod.rs[0m[2m:[0m[2m155:[0m close [3mtime.busy[0m[2m=[0m14.4s [3mtime.idle[0m[2m=[0m104ms
[2m2025-12-02T14:31:08.683874Z[0m [32m INFO[0m ThreadId(01) [1mcleanup[0m[2m:[0m [2macp_tui::application[0m[2m:[0m [2mcrates/acp-tui/src/application/mod.rs[0m[2m:[0m[2m534:[0m new
[2m2025-12-02T14:31:08.683878Z[0m [32m INFO[0m ThreadId(01) [1mcleanup[0m[2m:[0m [2macp_tui::application[0m[2m:[0m [2mcrates/acp-tui/src/application/mod.rs[0m[2m:[0m[2m534:[0m enter
[2m2025-12-02T14:31:08.683882Z[0m [32m INFO[0m ThreadId(01) [1mcleanup[0m[2m:[0m [2macp_tui::application[0m[2m:[0m [2mcrates/acp-tui/src/application/mod.rs[0m[2m:[0m[2m536:[0m Cleaning up application resources
[2m2025-12-02T14:31:08.683904Z[0m [32m INFO[0m ThreadId(01) [1mcleanup[0m[2m:[0m [2macp_tui::application[0m[2m:[0m [2mcrates/acp-tui/src/application/mod.rs[0m[2m:[0m[2m548:[0m Application cleanup completed
[2m2025-12-02T14:31:08.683911Z[0m [32m INFO[0m ThreadId(01) [1mcleanup[0m[2m:[0m [2macp_tui::application[0m[2m:[0m [2mcrates/acp-tui/src/application/mod.rs[0m[2m:[0m[2m534:[0m exit
[2m2025-12-02T14:31:08.683916Z[0m [32m INFO[0m ThreadId(01) [1mcleanup[0m[2m:[0m [2macp_tui::application[0m[2m:[0m [2mcrates/acp-tui/src/application/mod.rs[0m[2m:[0m[2m534:[0m close [3mtime.busy[0m[2m=[0m32.4µs [3mtime.idle[0m[2m=[0m10.4µs
[2m2025-12-02T14:31:08.683920Z[0m [32m INFO[0m ThreadId(06) [2macp_tui::services::websocket_manager[0m[2m:[0m [2mcrates/acp-tui/src/services/websocket_manager.rs[0m[2m:[0m[2m130:[0m Disconnecting WebSocket
[2m2025-12-02T14:31:08.694871Z[0m [32m INFO[0m ThreadId(01) [2macp_tui[0m[2m:[0m [2mcrates/acp-tui/src/main.rs[0m[2m:[0m[2m85:[0m ACP TUI client shutting down
