[2m2025-12-01T23:13:45.168942Z[0m [32m INFO[0m ThreadId(01) [2macp_tui[0m[2m:[0m [2mcrates/acp-tui/src/main.rs[0m[2m:[0m[2m133:[0m Tracing initialized with comprehensive logging [3mlog_file[0m[2m=[0m./logs/acp-tui-2025-12-01-231345.log
[2m2025-12-01T23:13:45.168988Z[0m [32m INFO[0m ThreadId(01) [2macp_tui[0m[2m:[0m [2mcrates/acp-tui/src/main.rs[0m[2m:[0m[2m134:[0m All events will be logged to ./logs/acp-tui-2025-12-01-231345.log for debugging
[2m2025-12-01T23:13:45.169014Z[0m [32m INFO[0m ThreadId(01) [2macp_tui[0m[2m:[0m [2mcrates/acp-tui/src/main.rs[0m[2m:[0m[2m73:[0m Starting ACP TUI client
[2m2025-12-01T23:13:45.169023Z[0m [32m INFO[0m ThreadId(01) [2macp_tui[0m[2m:[0m [2mcrates/acp-tui/src/main.rs[0m[2m:[0m[2m74:[0m Server: http://localhost:9999
[2m2025-12-01T23:13:45.169031Z[0m [32m INFO[0m ThreadId(01) [2macp_tui[0m[2m:[0m [2mcrates/acp-tui/src/main.rs[0m[2m:[0m[2m140:[0m Testing connectivity to ACP server...
[2m2025-12-01T23:13:45.169086Z[0m [32m INFO[0m ThreadId(01) [1mtest_connection[0m[1m{[0m[3mserver_url[0m[2m=[0mhttp://localhost:9999[1m}[0m[2m:[0m [2macp_tui::client[0m[2m:[0m [2mcrates/acp-tui/src/client.rs[0m[2m:[0m[2m58:[0m new
[2m2025-12-01T23:13:45.169113Z[0m [32m INFO[0m ThreadId(01) [1mtest_connection[0m[1m{[0m[3mserver_url[0m[2m=[0mhttp://localhost:9999[1m}[0m[2m:[0m [2macp_tui::client[0m[2m:[0m [2mcrates/acp-tui/src/client.rs[0m[2m:[0m[2m58:[0m enter
[2m2025-12-01T23:13:45.203923Z[0m [35mTRACE[0m ThreadId(01) [1mtest_connection[0m[1m{[0m[3mserver_url[0m[2m=[0mhttp://localhost:9999[1m}[0m[2m:[0m [2mhyper_util::client::legacy::pool[0m[2m:[0m [2m/home/data01/.cargo/registry/src/index.crates.io-1949cf8c6b5b557f/hyper-util-0.1.18/src/client/legacy/pool.rs[0m[2m:[0m[2m687:[0m checkout waiting for idle connection: ("http", localhost:9999)
[2m2025-12-01T23:13:45.204036Z[0m [34mDEBUG[0m ThreadId(01) [1mtest_connection[0m[1m{[0m[3mserver_url[0m[2m=[0mhttp://localhost:9999[1m}[0m[2m:[0m [2mreqwest::connect[0m[2m:[0m [2m/home/data01/.cargo/registry/src/index.crates.io-1949cf8c6b5b557f/reqwest-0.12.24/src/connect.rs[0m[2m:[0m[2m882:[0m starting new connection: http://localhost:9999/
[2m2025-12-01T23:13:45.204090Z[0m [35mTRACE[0m ThreadId(01) [1mtest_connection[0m[1m{[0m[3mserver_url[0m[2m=[0mhttp://localhost:9999[1m}[0m[2m:[0m [2mhyper_util::client::legacy::connect::http[0m[2m:[0m [2m/home/data01/.cargo/registry/src/index.crates.io-1949cf8c6b5b557f/hyper-util-0.1.18/src/client/legacy/connect/http.rs[0m[2m:[0m[2m482:[0m Http::connect; scheme=Some("http"), host=Some("localhost"), port=Some(Port(9999))
[2m2025-12-01T23:13:45.204234Z[0m [32m INFO[0m ThreadId(01) [1mtest_connection[0m[1m{[0m[3mserver_url[0m[2m=[0mhttp://localhost:9999[1m}[0m[2m:[0m [2macp_tui::client[0m[2m:[0m [2mcrates/acp-tui/src/client.rs[0m[2m:[0m[2m58:[0m exit
[2m2025-12-01T23:13:45.205022Z[0m [32m INFO[0m ThreadId(01) [1mtest_connection[0m[1m{[0m[3mserver_url[0m[2m=[0mhttp://localhost:9999[1m}[0m[2m:[0m [2macp_tui::client[0m[2m:[0m [2mcrates/acp-tui/src/client.rs[0m[2m:[0m[2m58:[0m enter
[2m2025-12-01T23:13:45.205086Z[0m [34mDEBUG[0m ThreadId(01) [1mtest_connection[0m[1m{[0m[3mserver_url[0m[2m=[0mhttp://localhost:9999[1m}[0m[2m:[0m [2mhyper_util::client::legacy::connect::http[0m[2m:[0m [2m/home/data01/.cargo/registry/src/index.crates.io-1949cf8c6b5b557f/hyper-util-0.1.18/src/client/legacy/connect/http.rs[0m[2m:[0m[2m768:[0m connecting to [::1]:9999
[2m2025-12-01T23:13:45.205205Z[0m [35mTRACE[0m ThreadId(01) [1mtest_connection[0m[1m{[0m[3mserver_url[0m[2m=[0mhttp://localhost:9999[1m}[0m[2m:[0m [2mmio::poll[0m[2m:[0m [2m/home/data01/.cargo/registry/src/index.crates.io-1949cf8c6b5b557f/mio-1.1.0/src/poll.rs[0m[2m:[0m[2m573:[0m registering event source with poller: token=Token(10523088353792), interests=READABLE | WRITABLE
[2m2025-12-01T23:13:45.205255Z[0m [32m INFO[0m ThreadId(01) [1mtest_connection[0m[1m{[0m[3mserver_url[0m[2m=[0mhttp://localhost:9999[1m}[0m[2m:[0m [2macp_tui::client[0m[2m:[0m [2mcrates/acp-tui/src/client.rs[0m[2m:[0m[2m58:[0m exit
[2m2025-12-01T23:13:45.205271Z[0m [32m INFO[0m ThreadId(01) [1mtest_connection[0m[1m{[0m[3mserver_url[0m[2m=[0mhttp://localhost:9999[1m}[0m[2m:[0m [2macp_tui::client[0m[2m:[0m [2mcrates/acp-tui/src/client.rs[0m[2m:[0m[2m58:[0m enter
[2m2025-12-01T23:13:45.205290Z[0m [35mTRACE[0m ThreadId(01) [1mtest_connection[0m[1m{[0m[3mserver_url[0m[2m=[0mhttp://localhost:9999[1m}[0m[2m:[0m [2mmio::poll[0m[2m:[0m [2m/home/data01/.cargo/registry/src/index.crates.io-1949cf8c6b5b557f/mio-1.1.0/src/poll.rs[0m[2m:[0m[2m704:[0m deregistering event source from poller
[2m2025-12-01T23:13:45.205328Z[0m [35mTRACE[0m ThreadId(01) [1mtest_connection[0m[1m{[0m[3mserver_url[0m[2m=[0mhttp://localhost:9999[1m}[0m[2m:[0m [2mhyper_util::client::legacy::connect::http[0m[2m:[0m [2m/home/data01/.cargo/registry/src/index.crates.io-1949cf8c6b5b557f/hyper-util-0.1.18/src/client/legacy/connect/http.rs[0m[2m:[0m[2m775:[0m connect error for [::1]:9999: ConnectError("tcp connect error", Os { code: 111, kind: ConnectionRefused, message: "Connection refused" })
[2m2025-12-01T23:13:45.205353Z[0m [34mDEBUG[0m ThreadId(01) [1mtest_connection[0m[1m{[0m[3mserver_url[0m[2m=[0mhttp://localhost:9999[1m}[0m[2m:[0m [2mhyper_util::client::legacy::connect::http[0m[2m:[0m [2m/home/data01/.cargo/registry/src/index.crates.io-1949cf8c6b5b557f/hyper-util-0.1.18/src/client/legacy/connect/http.rs[0m[2m:[0m[2m768:[0m connecting to 127.0.0.1:9999
[2m2025-12-01T23:13:45.205448Z[0m [35mTRACE[0m ThreadId(01) [1mtest_connection[0m[1m{[0m[3mserver_url[0m[2m=[0mhttp://localhost:9999[1m}[0m[2m:[0m [2mmio::poll[0m[2m:[0m [2m/home/data01/.cargo/registry/src/index.crates.io-1949cf8c6b5b557f/mio-1.1.0/src/poll.rs[0m[2m:[0m[2m573:[0m registering event source with poller: token=Token(10523091270016), interests=READABLE | WRITABLE
[2m2025-12-01T23:13:45.205480Z[0m [32m INFO[0m ThreadId(01) [1mtest_connection[0m[1m{[0m[3mserver_url[0m[2m=[0mhttp://localhost:9999[1m}[0m[2m:[0m [2macp_tui::client[0m[2m:[0m [2mcrates/acp-tui/src/client.rs[0m[2m:[0m[2m58:[0m exit
[2m2025-12-01T23:13:45.205495Z[0m [32m INFO[0m ThreadId(01) [1mtest_connection[0m[1m{[0m[3mserver_url[0m[2m=[0mhttp://localhost:9999[1m}[0m[2m:[0m [2macp_tui::client[0m[2m:[0m [2mcrates/acp-tui/src/client.rs[0m[2m:[0m[2m58:[0m enter
[2m2025-12-01T23:13:45.205517Z[0m [34mDEBUG[0m ThreadId(01) [1mtest_connection[0m[1m{[0m[3mserver_url[0m[2m=[0mhttp://localhost:9999[1m}[0m[2m:[0m [2mhyper_util::client::legacy::connect::http[0m[2m:[0m [2m/home/data01/.cargo/registry/src/index.crates.io-1949cf8c6b5b557f/hyper-util-0.1.18/src/client/legacy/connect/http.rs[0m[2m:[0m[2m771:[0m connected to 127.0.0.1:9999
[2m2025-12-01T23:13:45.205573Z[0m [35mTRACE[0m ThreadId(01) [1mtest_connection[0m[1m{[0m[3mserver_url[0m[2m=[0mhttp://localhost:9999[1m}[0m[2m:[0m [2mhyper_util::client::legacy::client[0m[2m:[0m [2m/home/data01/.cargo/registry/src/index.crates.io-1949cf8c6b5b557f/hyper-util-0.1.18/src/client/legacy/client.rs[0m[2m:[0m[2m575:[0m http1 handshake complete, spawning background dispatcher task
[2m2025-12-01T23:13:45.205612Z[0m [35mTRACE[0m ThreadId(01) [1mtest_connection[0m[1m{[0m[3mserver_url[0m[2m=[0mhttp://localhost:9999[1m}[0m[2m:[0m [2mhyper_util::client::legacy::client[0m[2m:[0m [2m/home/data01/.cargo/registry/src/index.crates.io-1949cf8c6b5b557f/hyper-util-0.1.18/src/client/legacy/client.rs[0m[2m:[0m[2m600:[0m waiting for connection to be ready
[2m2025-12-01T23:13:45.205639Z[0m [32m INFO[0m ThreadId(01) [1mtest_connection[0m[1m{[0m[3mserver_url[0m[2m=[0mhttp://localhost:9999[1m}[0m[2m:[0m [2macp_tui::client[0m[2m:[0m [2mcrates/acp-tui/src/client.rs[0m[2m:[0m[2m58:[0m exit
[2m2025-12-01T23:13:45.205770Z[0m [32m INFO[0m ThreadId(01) [1mtest_connection[0m[1m{[0m[3mserver_url[0m[2m=[0mhttp://localhost:9999[1m}[0m[2m:[0m [2macp_tui::client[0m[2m:[0m [2mcrates/acp-tui/src/client.rs[0m[2m:[0m[2m58:[0m enter
[2m2025-12-01T23:13:45.205790Z[0m [35mTRACE[0m ThreadId(01) [1mtest_connection[0m[1m{[0m[3mserver_url[0m[2m=[0mhttp://localhost:9999[1m}[0m[2m:[0m [2mhyper_util::client::legacy::client[0m[2m:[0m [2m/home/data01/.cargo/registry/src/index.crates.io-1949cf8c6b5b557f/hyper-util-0.1.18/src/client/legacy/client.rs[0m[2m:[0m[2m610:[0m connection is ready
[2m2025-12-01T23:13:45.205812Z[0m [35mTRACE[0m ThreadId(01) [1mtest_connection[0m[1m{[0m[3mserver_url[0m[2m=[0mhttp://localhost:9999[1m}[0m[2m:[0m [2mhyper_util::client::legacy::pool[0m[2m:[0m [2m/home/data01/.cargo/registry/src/index.crates.io-1949cf8c6b5b557f/hyper-util-0.1.18/src/client/legacy/pool.rs[0m[2m:[0m[2m729:[0m checkout dropped for ("http", localhost:9999)
[2m2025-12-01T23:13:45.205888Z[0m [32m INFO[0m ThreadId(01) [1mtest_connection[0m[1m{[0m[3mserver_url[0m[2m=[0mhttp://localhost:9999[1m}[0m[2m:[0m [2macp_tui::client[0m[2m:[0m [2mcrates/acp-tui/src/client.rs[0m[2m:[0m[2m58:[0m exit
[2m2025-12-01T23:13:45.207103Z[0m [32m INFO[0m ThreadId(01) [1mtest_connection[0m[1m{[0m[3mserver_url[0m[2m=[0mhttp://localhost:9999[1m}[0m[2m:[0m [2macp_tui::client[0m[2m:[0m [2mcrates/acp-tui/src/client.rs[0m[2m:[0m[2m58:[0m enter
[2m2025-12-01T23:13:45.207158Z[0m [35mTRACE[0m ThreadId(01) [1mtest_connection[0m[1m{[0m[3mserver_url[0m[2m=[0mhttp://localhost:9999[1m}[0m[2m:[0m [2mhyper_util::client::legacy::pool[0m[2m:[0m [2m/home/data01/.cargo/registry/src/index.crates.io-1949cf8c6b5b557f/hyper-util-0.1.18/src/client/legacy/pool.rs[0m[2m:[0m[2m354:[0m put; add idle connection for ("http", localhost:9999)
[2m2025-12-01T23:13:45.207187Z[0m [34mDEBUG[0m ThreadId(01) [1mtest_connection[0m[1m{[0m[3mserver_url[0m[2m=[0mhttp://localhost:9999[1m}[0m[2m:[0m [2mhyper_util::client::legacy::pool[0m[2m:[0m [2m/home/data01/.cargo/registry/src/index.crates.io-1949cf8c6b5b557f/hyper-util-0.1.18/src/client/legacy/pool.rs[0m[2m:[0m[2m402:[0m pooling idle connection for ("http", localhost:9999)
[2m2025-12-01T23:13:45.207237Z[0m [35mTRACE[0m ThreadId(01) [1mtest_connection[0m[1m{[0m[3mserver_url[0m[2m=[0mhttp://localhost:9999[1m}[0m[2m:[0m [2mreqwest::retry[0m[2m:[0m [2m/home/data01/.cargo/registry/src/index.crates.io-1949cf8c6b5b557f/reqwest-0.12.24/src/retry.rs[0m[2m:[0m[2m231:[0m shouldn't retry!
[2m2025-12-01T23:13:45.208326Z[0m [32m INFO[0m ThreadId(01) [1mtest_connection[0m[1m{[0m[3mserver_url[0m[2m=[0mhttp://localhost:9999[1m}[0m[2m:[0m [2macp_tui::client[0m[2m:[0m [2mcrates/acp-tui/src/client.rs[0m[2m:[0m[2m58:[0m exit
[2m2025-12-01T23:13:45.208356Z[0m [32m INFO[0m ThreadId(01) [1mtest_connection[0m[1m{[0m[3mserver_url[0m[2m=[0mhttp://localhost:9999[1m}[0m[2m:[0m [2macp_tui::client[0m[2m:[0m [2mcrates/acp-tui/src/client.rs[0m[2m:[0m[2m58:[0m enter
[2m2025-12-01T23:13:45.208367Z[0m [32m INFO[0m ThreadId(01) [1mtest_connection[0m[1m{[0m[3mserver_url[0m[2m=[0mhttp://localhost:9999[1m}[0m[2m:[0m [2macp_tui::client[0m[2m:[0m [2mcrates/acp-tui/src/client.rs[0m[2m:[0m[2m58:[0m exit
[2m2025-12-01T23:13:45.208362Z[0m [35mTRACE[0m ThreadId(17) [2mhyper_util::client::legacy::pool[0m[2m:[0m [2m/home/data01/.cargo/registry/src/index.crates.io-1949cf8c6b5b557f/hyper-util-0.1.18/src/client/legacy/pool.rs[0m[2m:[0m[2m818:[0m pool closed, canceling idle interval
[2m2025-12-01T23:13:45.208379Z[0m [32m INFO[0m ThreadId(01) [1mtest_connection[0m[1m{[0m[3mserver_url[0m[2m=[0mhttp://localhost:9999[1m}[0m[2m:[0m [2macp_tui::client[0m[2m:[0m [2mcrates/acp-tui/src/client.rs[0m[2m:[0m[2m58:[0m close [3mtime.busy[0m[2m=[0m37.1ms [3mtime.idle[0m[2m=[0m2.24ms
[2m2025-12-01T23:13:45.208405Z[0m [32m INFO[0m ThreadId(01) [2macp_tui[0m[2m:[0m [2mcrates/acp-tui/src/main.rs[0m[2m:[0m[2m144:[0m ✓ Connected to ACP server successfully
[2m2025-12-01T23:13:45.208388Z[0m [35mTRACE[0m ThreadId(05) [2mmio::poll[0m[2m:[0m [2m/home/data01/.cargo/registry/src/index.crates.io-1949cf8c6b5b557f/mio-1.1.0/src/poll.rs[0m[2m:[0m[2m704:[0m deregistering event source from poller
[2m2025-12-01T23:13:45.208417Z[0m [32m INFO[0m ThreadId(01) [2macp_tui[0m[2m:[0m [2mcrates/acp-tui/src/main.rs[0m[2m:[0m[2m145:[0m   Server status: healthy
[2m2025-12-01T23:13:45.208424Z[0m [32m INFO[0m ThreadId(01) [2macp_tui[0m[2m:[0m [2mcrates/acp-tui/src/main.rs[0m[2m:[0m[2m147:[0m   Server message: ACP server is running
[2m2025-12-01T23:13:45.208445Z[0m [32m INFO[0m ThreadId(01) [1mnew[0m[2m:[0m [2macp_tui::application[0m[2m:[0m [2mcrates/acp-tui/src/application/mod.rs[0m[2m:[0m[2m60:[0m new
[2m2025-12-01T23:13:45.208459Z[0m [32m INFO[0m ThreadId(01) [1mnew[0m[2m:[0m [2macp_tui::application[0m[2m:[0m [2mcrates/acp-tui/src/application/mod.rs[0m[2m:[0m[2m60:[0m enter
[2m2025-12-01T23:13:45.208468Z[0m [32m INFO[0m ThreadId(01) [1mnew[0m[2m:[0m [2macp_tui::application[0m[2m:[0m [2mcrates/acp-tui/src/application/mod.rs[0m[2m:[0m[2m62:[0m Initializing Elm-based ACP TUI application
[2m2025-12-01T23:13:45.209026Z[0m [35mTRACE[0m ThreadId(01) [1mnew[0m[2m:[0m [2macp_tui::utils::client_id[0m[2m:[0m [2mcrates/acp-tui/src/utils/client_id.rs[0m[2m:[0m[2m69:[0m Found primary MAC address [3mmac[0m[2m=[0m00:2b:67:b6:2f:24
[2m2025-12-01T23:13:45.210149Z[0m [35mTRACE[0m ThreadId(01) [1mnew[0m[2m:[0m [2macp_tui::utils::client_id[0m[2m:[0m [2mcrates/acp-tui/src/utils/client_id.rs[0m[2m:[0m[2m94:[0m Found hostname [3mhostname[0m[2m=[0mlenovo-t14
[2m2025-12-01T23:13:45.211053Z[0m [35mTRACE[0m ThreadId(01) [1mnew[0m[2m:[0m [2macp_tui::utils::client_id[0m[2m:[0m [2mcrates/acp-tui/src/utils/client_id.rs[0m[2m:[0m[2m113:[0m Found CPU model [3mcpu_model[0m[2m=[0mAMD Ryzen 7 PRO 4750U with Radeon Graphics
[2m2025-12-01T23:13:45.211105Z[0m [35mTRACE[0m ThreadId(01) [1mnew[0m[2m:[0m [2macp_tui::utils::client_id[0m[2m:[0m [2mcrates/acp-tui/src/utils/client_id.rs[0m[2m:[0m[2m57:[0m Hardware fingerprint created [3mfingerprint[0m[2m=[0mmac:00:2b:67:b6:2f:24-host:lenovo-t14-cpu:AMD Ryzen 7 PRO 4750U with Radeon Graphics
[2m2025-12-01T23:13:45.211192Z[0m [34mDEBUG[0m ThreadId(01) [1mnew[0m[2m:[0m [2macp_tui::utils::client_id[0m[2m:[0m [2mcrates/acp-tui/src/utils/client_id.rs[0m[2m:[0m[2m22:[0m Generated deterministic client ID [3mclient_id[0m[2m=[0mtui_4cf938796002b6b4
[2m2025-12-01T23:13:45.211223Z[0m [32m INFO[0m ThreadId(01) [1mnew[0m[2m:[0m [2macp_tui::application[0m[2m:[0m [2mcrates/acp-tui/src/application/mod.rs[0m[2m:[0m[2m66:[0m Generated client ID: tui_4cf938796002b6b4
[2m2025-12-01T23:13:45.216517Z[0m [32m INFO[0m ThreadId(01) [1mnew[0m[2m:[0m [2macp_tui::application[0m[2m:[0m [2mcrates/acp-tui/src/application/mod.rs[0m[2m:[0m[2m60:[0m exit
[2m2025-12-01T23:13:45.216565Z[0m [32m INFO[0m ThreadId(01) [1mnew[0m[2m:[0m [2macp_tui::application[0m[2m:[0m [2mcrates/acp-tui/src/application/mod.rs[0m[2m:[0m[2m60:[0m enter
[2m2025-12-01T23:13:45.216575Z[0m [32m INFO[0m ThreadId(01) [1mnew[0m[2m:[0m [2macp_tui::application[0m[2m:[0m [2mcrates/acp-tui/src/application/mod.rs[0m[2m:[0m[2m60:[0m exit
[2m2025-12-01T23:13:45.216585Z[0m [32m INFO[0m ThreadId(01) [1mnew[0m[2m:[0m [2macp_tui::application[0m[2m:[0m [2mcrates/acp-tui/src/application/mod.rs[0m[2m:[0m[2m60:[0m close [3mtime.busy[0m[2m=[0m8.06ms [3mtime.idle[0m[2m=[0m83.4µs
