[2m2025-12-02T09:43:29.558817Z[0m [32m INFO[0m ThreadId(01) [2macp_tui[0m[2m:[0m [2mcrates/acp-tui/src/main.rs[0m[2m:[0m[2m133:[0m Tracing initialized with comprehensive logging [3mlog_file[0m[2m=[0m./logs/acp-tui-2025-12-02-094329.log
[2m2025-12-02T09:43:29.558832Z[0m [32m INFO[0m ThreadId(01) [2macp_tui[0m[2m:[0m [2mcrates/acp-tui/src/main.rs[0m[2m:[0m[2m134:[0m All events will be logged to ./logs/acp-tui-2025-12-02-094329.log for debugging
[2m2025-12-02T09:43:29.558845Z[0m [32m INFO[0m ThreadId(01) [2macp_tui[0m[2m:[0m [2mcrates/acp-tui/src/main.rs[0m[2m:[0m[2m73:[0m Starting ACP TUI client
[2m2025-12-02T09:43:29.558847Z[0m [32m INFO[0m ThreadId(01) [2macp_tui[0m[2m:[0m [2mcrates/acp-tui/src/main.rs[0m[2m:[0m[2m74:[0m Server: http://localhost:9999
[2m2025-12-02T09:43:29.558849Z[0m [32m INFO[0m ThreadId(01) [2macp_tui[0m[2m:[0m [2mcrates/acp-tui/src/main.rs[0m[2m:[0m[2m140:[0m Testing connectivity to ACP server...
[2m2025-12-02T09:43:29.558859Z[0m [32m INFO[0m ThreadId(01) [1mtest_connection[0m[1m{[0m[3mserver_url[0m[2m=[0mhttp://localhost:9999[1m}[0m[2m:[0m [2macp_tui::client[0m[2m:[0m [2mcrates/acp-tui/src/client.rs[0m[2m:[0m[2m58:[0m new
[2m2025-12-02T09:43:29.558866Z[0m [32m INFO[0m ThreadId(01) [1mtest_connection[0m[1m{[0m[3mserver_url[0m[2m=[0mhttp://localhost:9999[1m}[0m[2m:[0m [2macp_tui::client[0m[2m:[0m [2mcrates/acp-tui/src/client.rs[0m[2m:[0m[2m58:[0m enter
[2m2025-12-02T09:43:29.591367Z[0m [32m INFO[0m ThreadId(01) [1mtest_connection[0m[1m{[0m[3mserver_url[0m[2m=[0mhttp://localhost:9999[1m}[0m[2m:[0m [2macp_tui::client[0m[2m:[0m [2mcrates/acp-tui/src/client.rs[0m[2m:[0m[2m58:[0m exit
[2m2025-12-02T09:43:29.592072Z[0m [32m INFO[0m ThreadId(01) [1mtest_connection[0m[1m{[0m[3mserver_url[0m[2m=[0mhttp://localhost:9999[1m}[0m[2m:[0m [2macp_tui::client[0m[2m:[0m [2mcrates/acp-tui/src/client.rs[0m[2m:[0m[2m58:[0m enter
[2m2025-12-02T09:43:29.592183Z[0m [32m INFO[0m ThreadId(01) [1mtest_connection[0m[1m{[0m[3mserver_url[0m[2m=[0mhttp://localhost:9999[1m}[0m[2m:[0m [2macp_tui::client[0m[2m:[0m [2mcrates/acp-tui/src/client.rs[0m[2m:[0m[2m58:[0m exit
[2m2025-12-02T09:43:29.592188Z[0m [32m INFO[0m ThreadId(01) [1mtest_connection[0m[1m{[0m[3mserver_url[0m[2m=[0mhttp://localhost:9999[1m}[0m[2m:[0m [2macp_tui::client[0m[2m:[0m [2mcrates/acp-tui/src/client.rs[0m[2m:[0m[2m58:[0m enter
[2m2025-12-02T09:43:29.592268Z[0m [32m INFO[0m ThreadId(01) [1mtest_connection[0m[1m{[0m[3mserver_url[0m[2m=[0mhttp://localhost:9999[1m}[0m[2m:[0m [2macp_tui::client[0m[2m:[0m [2mcrates/acp-tui/src/client.rs[0m[2m:[0m[2m58:[0m exit
[2m2025-12-02T09:43:29.592273Z[0m [32m INFO[0m ThreadId(01) [1mtest_connection[0m[1m{[0m[3mserver_url[0m[2m=[0mhttp://localhost:9999[1m}[0m[2m:[0m [2macp_tui::client[0m[2m:[0m [2mcrates/acp-tui/src/client.rs[0m[2m:[0m[2m58:[0m enter
[2m2025-12-02T09:43:29.592304Z[0m [32m INFO[0m ThreadId(01) [1mtest_connection[0m[1m{[0m[3mserver_url[0m[2m=[0mhttp://localhost:9999[1m}[0m[2m:[0m [2macp_tui::client[0m[2m:[0m [2mcrates/acp-tui/src/client.rs[0m[2m:[0m[2m58:[0m exit
[2m2025-12-02T09:43:29.592375Z[0m [32m INFO[0m ThreadId(01) [1mtest_connection[0m[1m{[0m[3mserver_url[0m[2m=[0mhttp://localhost:9999[1m}[0m[2m:[0m [2macp_tui::client[0m[2m:[0m [2mcrates/acp-tui/src/client.rs[0m[2m:[0m[2m58:[0m enter
[2m2025-12-02T09:43:29.592404Z[0m [32m INFO[0m ThreadId(01) [1mtest_connection[0m[1m{[0m[3mserver_url[0m[2m=[0mhttp://localhost:9999[1m}[0m[2m:[0m [2macp_tui::client[0m[2m:[0m [2mcrates/acp-tui/src/client.rs[0m[2m:[0m[2m58:[0m exit
[2m2025-12-02T09:43:29.593653Z[0m [32m INFO[0m ThreadId(01) [1mtest_connection[0m[1m{[0m[3mserver_url[0m[2m=[0mhttp://localhost:9999[1m}[0m[2m:[0m [2macp_tui::client[0m[2m:[0m [2mcrates/acp-tui/src/client.rs[0m[2m:[0m[2m58:[0m enter
[2m2025-12-02T09:43:29.594602Z[0m [32m INFO[0m ThreadId(01) [1mtest_connection[0m[1m{[0m[3mserver_url[0m[2m=[0mhttp://localhost:9999[1m}[0m[2m:[0m [2macp_tui::client[0m[2m:[0m [2mcrates/acp-tui/src/client.rs[0m[2m:[0m[2m58:[0m exit
[2m2025-12-02T09:43:29.594608Z[0m [32m INFO[0m ThreadId(01) [1mtest_connection[0m[1m{[0m[3mserver_url[0m[2m=[0mhttp://localhost:9999[1m}[0m[2m:[0m [2macp_tui::client[0m[2m:[0m [2mcrates/acp-tui/src/client.rs[0m[2m:[0m[2m58:[0m enter
[2m2025-12-02T09:43:29.594610Z[0m [32m INFO[0m ThreadId(01) [1mtest_connection[0m[1m{[0m[3mserver_url[0m[2m=[0mhttp://localhost:9999[1m}[0m[2m:[0m [2macp_tui::client[0m[2m:[0m [2mcrates/acp-tui/src/client.rs[0m[2m:[0m[2m58:[0m exit
[2m2025-12-02T09:43:29.594617Z[0m [32m INFO[0m ThreadId(01) [1mtest_connection[0m[1m{[0m[3mserver_url[0m[2m=[0mhttp://localhost:9999[1m}[0m[2m:[0m [2macp_tui::client[0m[2m:[0m [2mcrates/acp-tui/src/client.rs[0m[2m:[0m[2m58:[0m close [3mtime.busy[0m[2m=[0m33.7ms [3mtime.idle[0m[2m=[0m2.06ms
[2m2025-12-02T09:43:29.594626Z[0m [32m INFO[0m ThreadId(01) [2macp_tui[0m[2m:[0m [2mcrates/acp-tui/src/main.rs[0m[2m:[0m[2m144:[0m ✓ Connected to ACP server successfully
[2m2025-12-02T09:43:29.594630Z[0m [32m INFO[0m ThreadId(01) [2macp_tui[0m[2m:[0m [2mcrates/acp-tui/src/main.rs[0m[2m:[0m[2m145:[0m   Server status: healthy
[2m2025-12-02T09:43:29.594633Z[0m [32m INFO[0m ThreadId(01) [2macp_tui[0m[2m:[0m [2mcrates/acp-tui/src/main.rs[0m[2m:[0m[2m147:[0m   Server message: ACP server is running
[2m2025-12-02T09:43:29.594637Z[0m [32m INFO[0m ThreadId(01) [1mnew[0m[2m:[0m [2macp_tui::application[0m[2m:[0m [2mcrates/acp-tui/src/application/mod.rs[0m[2m:[0m[2m60:[0m new
[2m2025-12-02T09:43:29.594640Z[0m [32m INFO[0m ThreadId(01) [1mnew[0m[2m:[0m [2macp_tui::application[0m[2m:[0m [2mcrates/acp-tui/src/application/mod.rs[0m[2m:[0m[2m60:[0m enter
[2m2025-12-02T09:43:29.594642Z[0m [32m INFO[0m ThreadId(01) [1mnew[0m[2m:[0m [2macp_tui::application[0m[2m:[0m [2mcrates/acp-tui/src/application/mod.rs[0m[2m:[0m[2m62:[0m Initializing Elm-based ACP TUI application
[2m2025-12-02T09:43:29.596387Z[0m [32m INFO[0m ThreadId(01) [1mnew[0m[2m:[0m [2macp_tui::application[0m[2m:[0m [2mcrates/acp-tui/src/application/mod.rs[0m[2m:[0m[2m66:[0m Generated client ID: tui_4cf938796002b6b4
[2m2025-12-02T09:43:29.625664Z[0m [32m INFO[0m ThreadId(01) [1mnew[0m[2m:[0m [2macp_tui::application[0m[2m:[0m [2mcrates/acp-tui/src/application/mod.rs[0m[2m:[0m[2m113:[0m Application initialized successfully
[2m2025-12-02T09:43:29.625683Z[0m [32m INFO[0m ThreadId(01) [1mnew[0m[2m:[0m [2macp_tui::application[0m[2m:[0m [2mcrates/acp-tui/src/application/mod.rs[0m[2m:[0m[2m60:[0m exit
[2m2025-12-02T09:43:29.625687Z[0m [32m INFO[0m ThreadId(01) [1mnew[0m[2m:[0m [2macp_tui::application[0m[2m:[0m [2mcrates/acp-tui/src/application/mod.rs[0m[2m:[0m[2m60:[0m enter
[2m2025-12-02T09:43:29.625689Z[0m [32m INFO[0m ThreadId(01) [1mnew[0m[2m:[0m [2macp_tui::application[0m[2m:[0m [2mcrates/acp-tui/src/application/mod.rs[0m[2m:[0m[2m60:[0m exit
[2m2025-12-02T09:43:29.625691Z[0m [32m INFO[0m ThreadId(01) [1mnew[0m[2m:[0m [2macp_tui::application[0m[2m:[0m [2mcrates/acp-tui/src/application/mod.rs[0m[2m:[0m[2m60:[0m close [3mtime.busy[0m[2m=[0m31.0ms [3mtime.idle[0m[2m=[0m9.08µs
[2m2025-12-02T09:43:29.625699Z[0m [32m INFO[0m ThreadId(01) [1mrun[0m[2m:[0m [2macp_tui::application[0m[2m:[0m [2mcrates/acp-tui/src/application/mod.rs[0m[2m:[0m[2m130:[0m new
[2m2025-12-02T09:43:29.625702Z[0m [32m INFO[0m ThreadId(01) [1mrun[0m[2m:[0m [2macp_tui::application[0m[2m:[0m [2mcrates/acp-tui/src/application/mod.rs[0m[2m:[0m[2m130:[0m enter
[2m2025-12-02T09:43:29.625704Z[0m [32m INFO[0m ThreadId(01) [1mrun[0m[2m:[0m [2macp_tui::application[0m[2m:[0m [2mcrates/acp-tui/src/application/mod.rs[0m[2m:[0m[2m132:[0m Starting application main loop
[2m2025-12-02T09:43:29.625706Z[0m [32m INFO[0m ThreadId(01) [1mrun[0m[2m:[0m [2macp_tui::services::websocket_manager[0m[2m:[0m [2mcrates/acp-tui/src/services/websocket_manager.rs[0m[2m:[0m[2m34:[0m Starting WebSocket connection to http://localhost:9999
[2m2025-12-02T09:43:29.659256Z[0m [32m INFO[0m ThreadId(01) [1mrun[0m[2m:[0m [2macp_tui::services::api[0m[2m:[0m [2mcrates/acp-tui/src/services/api.rs[0m[2m:[0m[2m121:[0m Creating subscription for client: tui_4cf938796002b6b4
[2m2025-12-02T09:43:29.659351Z[0m [32m INFO[0m ThreadId(01) [1mrun[0m[2m:[0m [2macp_tui::application[0m[2m:[0m [2mcrates/acp-tui/src/application/mod.rs[0m[2m:[0m[2m130:[0m exit
[2m2025-12-02T09:43:29.659946Z[0m [32m INFO[0m ThreadId(01) [1mrun[0m[2m:[0m [2macp_tui::application[0m[2m:[0m [2mcrates/acp-tui/src/application/mod.rs[0m[2m:[0m[2m130:[0m enter
[2m2025-12-02T09:43:29.660049Z[0m [32m INFO[0m ThreadId(01) [1mrun[0m[2m:[0m [2macp_tui::application[0m[2m:[0m [2mcrates/acp-tui/src/application/mod.rs[0m[2m:[0m[2m130:[0m exit
[2m2025-12-02T09:43:29.660062Z[0m [32m INFO[0m ThreadId(01) [1mrun[0m[2m:[0m [2macp_tui::application[0m[2m:[0m [2mcrates/acp-tui/src/application/mod.rs[0m[2m:[0m[2m130:[0m enter
[2m2025-12-02T09:43:29.660147Z[0m [32m INFO[0m ThreadId(01) [1mrun[0m[2m:[0m [2macp_tui::application[0m[2m:[0m [2mcrates/acp-tui/src/application/mod.rs[0m[2m:[0m[2m130:[0m exit
[2m2025-12-02T09:43:29.660159Z[0m [32m INFO[0m ThreadId(01) [1mrun[0m[2m:[0m [2macp_tui::application[0m[2m:[0m [2mcrates/acp-tui/src/application/mod.rs[0m[2m:[0m[2m130:[0m enter
[2m2025-12-02T09:43:29.660181Z[0m [32m INFO[0m ThreadId(01) [1mrun[0m[2m:[0m [2macp_tui::application[0m[2m:[0m [2mcrates/acp-tui/src/application/mod.rs[0m[2m:[0m[2m130:[0m exit
[2m2025-12-02T09:43:29.660245Z[0m [32m INFO[0m ThreadId(01) [1mrun[0m[2m:[0m [2macp_tui::application[0m[2m:[0m [2mcrates/acp-tui/src/application/mod.rs[0m[2m:[0m[2m130:[0m enter
[2m2025-12-02T09:43:29.660263Z[0m [32m INFO[0m ThreadId(01) [1mrun[0m[2m:[0m [2macp_tui::application[0m[2m:[0m [2mcrates/acp-tui/src/application/mod.rs[0m[2m:[0m[2m130:[0m exit
[2m2025-12-02T09:43:29.661827Z[0m [32m INFO[0m ThreadId(01) [1mrun[0m[2m:[0m [2macp_tui::application[0m[2m:[0m [2mcrates/acp-tui/src/application/mod.rs[0m[2m:[0m[2m130:[0m enter
[2m2025-12-02T09:43:29.661874Z[0m [32m INFO[0m ThreadId(01) [1mrun[0m[2m:[0m [2macp_tui::services::api[0m[2m:[0m [2mcrates/acp-tui/src/services/api.rs[0m[2m:[0m[2m133:[0m Subscription created: sub_860710bb-3645-4491-93d6-6b824d1bd831
[2m2025-12-02T09:43:29.661878Z[0m [32m INFO[0m ThreadId(01) [1mrun[0m[2m:[0m [2macp_tui::services::websocket_manager[0m[2m:[0m [2mcrates/acp-tui/src/services/websocket_manager.rs[0m[2m:[0m[2m61:[0m WebSocket subscription created: sub_860710bb-3645-4491-93d6-6b824d1bd831
[2m2025-12-02T09:43:29.692060Z[0m [32m INFO[0m ThreadId(01) [1mrun[0m[2m:[0m [2macp_tui::services::websocket_manager[0m[2m:[0m [2mcrates/acp-tui/src/services/websocket_manager.rs[0m[2m:[0m[2m67:[0m Connecting to WebSocket: ws://localhost:9999/stream/sub_860710bb-3645-4491-93d6-6b824d1bd831
[2m2025-12-02T09:43:29.692106Z[0m [32m INFO[0m ThreadId(01) [1mrun[0m[2m:[0m [2macp_tui::application[0m[2m:[0m [2mcrates/acp-tui/src/application/mod.rs[0m[2m:[0m[2m130:[0m exit
[2m2025-12-02T09:43:29.692900Z[0m [32m INFO[0m ThreadId(01) [1mrun[0m[2m:[0m [2macp_tui::application[0m[2m:[0m [2mcrates/acp-tui/src/application/mod.rs[0m[2m:[0m[2m130:[0m enter
[2m2025-12-02T09:43:29.693034Z[0m [32m INFO[0m ThreadId(01) [1mrun[0m[2m:[0m [2macp_tui::application[0m[2m:[0m [2mcrates/acp-tui/src/application/mod.rs[0m[2m:[0m[2m130:[0m exit
[2m2025-12-02T09:43:29.693089Z[0m [32m INFO[0m ThreadId(01) [1mrun[0m[2m:[0m [2macp_tui::application[0m[2m:[0m [2mcrates/acp-tui/src/application/mod.rs[0m[2m:[0m[2m130:[0m enter
[2m2025-12-02T09:43:29.693175Z[0m [32m INFO[0m ThreadId(01) [1mrun[0m[2m:[0m [2macp_tui::application[0m[2m:[0m [2mcrates/acp-tui/src/application/mod.rs[0m[2m:[0m[2m130:[0m exit
[2m2025-12-02T09:43:29.693194Z[0m [32m INFO[0m ThreadId(01) [1mrun[0m[2m:[0m [2macp_tui::application[0m[2m:[0m [2mcrates/acp-tui/src/application/mod.rs[0m[2m:[0m[2m130:[0m enter
[2m2025-12-02T09:43:29.694060Z[0m [32m INFO[0m ThreadId(01) [1mrun[0m[2m:[0m [2macp_tui::application[0m[2m:[0m [2mcrates/acp-tui/src/application/mod.rs[0m[2m:[0m[2m130:[0m exit
[2m2025-12-02T09:43:29.694851Z[0m [32m INFO[0m ThreadId(01) [1mrun[0m[2m:[0m [2macp_tui::application[0m[2m:[0m [2mcrates/acp-tui/src/application/mod.rs[0m[2m:[0m[2m130:[0m enter
[2m2025-12-02T09:43:29.694878Z[0m [32m INFO[0m ThreadId(01) [1mrun[0m[2m:[0m [2macp_tui::services::websocket_manager[0m[2m:[0m [2mcrates/acp-tui/src/services/websocket_manager.rs[0m[2m:[0m[2m72:[0m WebSocket connected successfully
[2m2025-12-02T09:43:29.697736Z[0m [32m INFO[0m ThreadId(01) [1mrun[0m[2m:[0m [2macp_tui::utils::event_logger[0m[2m:[0m [2mcrates/acp-tui/src/utils/event_logger.rs[0m[2m:[0m[2m140:[0m Component focus changed [3mevent[0m[2m=[0m"focus_change" [3mfrom[0m[2m=[0mQueryInput [3mto[0m[2m=[0mQueryInput [3msuccess[0m[2m=[0mtrue
[2m2025-12-02T09:43:29.697759Z[0m [32m INFO[0m ThreadId(01) [1mrun[0m[2m:[0m [2macp_tui::utils::event_logger[0m[2m:[0m [2mcrates/acp-tui/src/utils/event_logger.rs[0m[2m:[0m[2m140:[0m Component focus changed [3mevent[0m[2m=[0m"focus_change" [3mfrom[0m[2m=[0mQueryInput [3mto[0m[2m=[0mQueryInput [3msuccess[0m[2m=[0mtrue
[2m2025-12-02T09:43:29.697763Z[0m [32m INFO[0m ThreadId(01) [1mrun[0m[2m:[0m [2macp_tui::utils::event_logger[0m[2m:[0m [2mcrates/acp-tui/src/utils/event_logger.rs[0m[2m:[0m[2m126:[0m WebSocket connection established [3mevent[0m[2m=[0m"websocket" [3mstatus[0m[2m=[0m"connected"
[2m2025-12-02T09:43:29.708040Z[0m [32m INFO[0m ThreadId(01) [1mrun[0m[2m:[0m [2macp_tui::application[0m[2m:[0m [2mcrates/acp-tui/src/application/mod.rs[0m[2m:[0m[2m130:[0m exit
