[2m2025-12-02T13:29:39.174590Z[0m [32m INFO[0m ThreadId(01) [2macp_tui[0m[2m:[0m [2mcrates/acp-tui/src/main.rs[0m[2m:[0m[2m133:[0m Tracing initialized with comprehensive logging [3mlog_file[0m[2m=[0m./logs/acp-tui-2025-12-02-132939.log
[2m2025-12-02T13:29:39.174603Z[0m [32m INFO[0m ThreadId(01) [2macp_tui[0m[2m:[0m [2mcrates/acp-tui/src/main.rs[0m[2m:[0m[2m134:[0m All events will be logged to ./logs/acp-tui-2025-12-02-132939.log for debugging
[2m2025-12-02T13:29:39.174608Z[0m [32m INFO[0m ThreadId(01) [2macp_tui[0m[2m:[0m [2mcrates/acp-tui/src/main.rs[0m[2m:[0m[2m73:[0m Starting ACP TUI client
[2m2025-12-02T13:29:39.174611Z[0m [32m INFO[0m ThreadId(01) [2macp_tui[0m[2m:[0m [2mcrates/acp-tui/src/main.rs[0m[2m:[0m[2m74:[0m Server: http://localhost:9999
[2m2025-12-02T13:29:39.174613Z[0m [32m INFO[0m ThreadId(01) [2macp_tui[0m[2m:[0m [2mcrates/acp-tui/src/main.rs[0m[2m:[0m[2m140:[0m Testing connectivity to ACP server...
[2m2025-12-02T13:29:39.174630Z[0m [32m INFO[0m ThreadId(01) [1mtest_connection[0m[1m{[0m[3mserver_url[0m[2m=[0mhttp://localhost:9999[1m}[0m[2m:[0m [2macp_tui::client[0m[2m:[0m [2mcrates/acp-tui/src/client.rs[0m[2m:[0m[2m58:[0m new
[2m2025-12-02T13:29:39.174640Z[0m [32m INFO[0m ThreadId(01) [1mtest_connection[0m[1m{[0m[3mserver_url[0m[2m=[0mhttp://localhost:9999[1m}[0m[2m:[0m [2macp_tui::client[0m[2m:[0m [2mcrates/acp-tui/src/client.rs[0m[2m:[0m[2m58:[0m enter
[2m2025-12-02T13:29:39.212266Z[0m [32m INFO[0m ThreadId(01) [1mtest_connection[0m[1m{[0m[3mserver_url[0m[2m=[0mhttp://localhost:9999[1m}[0m[2m:[0m [2macp_tui::client[0m[2m:[0m [2mcrates/acp-tui/src/client.rs[0m[2m:[0m[2m58:[0m exit
[2m2025-12-02T13:29:39.213169Z[0m [32m INFO[0m ThreadId(01) [1mtest_connection[0m[1m{[0m[3mserver_url[0m[2m=[0mhttp://localhost:9999[1m}[0m[2m:[0m [2macp_tui::client[0m[2m:[0m [2mcrates/acp-tui/src/client.rs[0m[2m:[0m[2m58:[0m enter
[2m2025-12-02T13:29:39.213287Z[0m [32m INFO[0m ThreadId(01) [1mtest_connection[0m[1m{[0m[3mserver_url[0m[2m=[0mhttp://localhost:9999[1m}[0m[2m:[0m [2macp_tui::client[0m[2m:[0m [2mcrates/acp-tui/src/client.rs[0m[2m:[0m[2m58:[0m exit
[2m2025-12-02T13:29:39.213330Z[0m [32m INFO[0m ThreadId(01) [1mtest_connection[0m[1m{[0m[3mserver_url[0m[2m=[0mhttp://localhost:9999[1m}[0m[2m:[0m [2macp_tui::client[0m[2m:[0m [2mcrates/acp-tui/src/client.rs[0m[2m:[0m[2m58:[0m enter
[2m2025-12-02T13:29:39.213418Z[0m [32m INFO[0m ThreadId(01) [1mtest_connection[0m[1m{[0m[3mserver_url[0m[2m=[0mhttp://localhost:9999[1m}[0m[2m:[0m [2macp_tui::client[0m[2m:[0m [2mcrates/acp-tui/src/client.rs[0m[2m:[0m[2m58:[0m exit
[2m2025-12-02T13:29:39.213463Z[0m [32m INFO[0m ThreadId(01) [1mtest_connection[0m[1m{[0m[3mserver_url[0m[2m=[0mhttp://localhost:9999[1m}[0m[2m:[0m [2macp_tui::client[0m[2m:[0m [2mcrates/acp-tui/src/client.rs[0m[2m:[0m[2m58:[0m enter
[2m2025-12-02T13:29:39.213494Z[0m [32m INFO[0m ThreadId(01) [1mtest_connection[0m[1m{[0m[3mserver_url[0m[2m=[0mhttp://localhost:9999[1m}[0m[2m:[0m [2macp_tui::client[0m[2m:[0m [2mcrates/acp-tui/src/client.rs[0m[2m:[0m[2m58:[0m exit
[2m2025-12-02T13:29:39.213535Z[0m [32m INFO[0m ThreadId(01) [1mtest_connection[0m[1m{[0m[3mserver_url[0m[2m=[0mhttp://localhost:9999[1m}[0m[2m:[0m [2macp_tui::client[0m[2m:[0m [2mcrates/acp-tui/src/client.rs[0m[2m:[0m[2m58:[0m enter
[2m2025-12-02T13:29:39.213556Z[0m [32m INFO[0m ThreadId(01) [1mtest_connection[0m[1m{[0m[3mserver_url[0m[2m=[0mhttp://localhost:9999[1m}[0m[2m:[0m [2macp_tui::client[0m[2m:[0m [2mcrates/acp-tui/src/client.rs[0m[2m:[0m[2m58:[0m exit
[2m2025-12-02T13:29:39.215293Z[0m [32m INFO[0m ThreadId(01) [1mtest_connection[0m[1m{[0m[3mserver_url[0m[2m=[0mhttp://localhost:9999[1m}[0m[2m:[0m [2macp_tui::client[0m[2m:[0m [2mcrates/acp-tui/src/client.rs[0m[2m:[0m[2m58:[0m enter
[2m2025-12-02T13:29:39.216319Z[0m [32m INFO[0m ThreadId(01) [1mtest_connection[0m[1m{[0m[3mserver_url[0m[2m=[0mhttp://localhost:9999[1m}[0m[2m:[0m [2macp_tui::client[0m[2m:[0m [2mcrates/acp-tui/src/client.rs[0m[2m:[0m[2m58:[0m exit
[2m2025-12-02T13:29:39.216325Z[0m [32m INFO[0m ThreadId(01) [1mtest_connection[0m[1m{[0m[3mserver_url[0m[2m=[0mhttp://localhost:9999[1m}[0m[2m:[0m [2macp_tui::client[0m[2m:[0m [2mcrates/acp-tui/src/client.rs[0m[2m:[0m[2m58:[0m enter
[2m2025-12-02T13:29:39.216327Z[0m [32m INFO[0m ThreadId(01) [1mtest_connection[0m[1m{[0m[3mserver_url[0m[2m=[0mhttp://localhost:9999[1m}[0m[2m:[0m [2macp_tui::client[0m[2m:[0m [2mcrates/acp-tui/src/client.rs[0m[2m:[0m[2m58:[0m exit
[2m2025-12-02T13:29:39.216329Z[0m [32m INFO[0m ThreadId(01) [1mtest_connection[0m[1m{[0m[3mserver_url[0m[2m=[0mhttp://localhost:9999[1m}[0m[2m:[0m [2macp_tui::client[0m[2m:[0m [2mcrates/acp-tui/src/client.rs[0m[2m:[0m[2m58:[0m close [3mtime.busy[0m[2m=[0m38.9ms [3mtime.idle[0m[2m=[0m2.79ms
[2m2025-12-02T13:29:39.216338Z[0m [32m INFO[0m ThreadId(01) [2macp_tui[0m[2m:[0m [2mcrates/acp-tui/src/main.rs[0m[2m:[0m[2m144:[0m ✓ Connected to ACP server successfully
[2m2025-12-02T13:29:39.216341Z[0m [32m INFO[0m ThreadId(01) [2macp_tui[0m[2m:[0m [2mcrates/acp-tui/src/main.rs[0m[2m:[0m[2m145:[0m   Server status: healthy
[2m2025-12-02T13:29:39.216343Z[0m [32m INFO[0m ThreadId(01) [2macp_tui[0m[2m:[0m [2mcrates/acp-tui/src/main.rs[0m[2m:[0m[2m147:[0m   Server message: ACP server is running
[2m2025-12-02T13:29:39.216347Z[0m [32m INFO[0m ThreadId(01) [1mnew[0m[2m:[0m [2macp_tui::application[0m[2m:[0m [2mcrates/acp-tui/src/application/mod.rs[0m[2m:[0m[2m77:[0m new
[2m2025-12-02T13:29:39.216349Z[0m [32m INFO[0m ThreadId(01) [1mnew[0m[2m:[0m [2macp_tui::application[0m[2m:[0m [2mcrates/acp-tui/src/application/mod.rs[0m[2m:[0m[2m77:[0m enter
[2m2025-12-02T13:29:39.216351Z[0m [32m INFO[0m ThreadId(01) [1mnew[0m[2m:[0m [2macp_tui::application[0m[2m:[0m [2mcrates/acp-tui/src/application/mod.rs[0m[2m:[0m[2m79:[0m Initializing Elm-based ACP TUI application
[2m2025-12-02T13:29:39.218307Z[0m [32m INFO[0m ThreadId(01) [1mnew[0m[2m:[0m [2macp_tui::application[0m[2m:[0m [2mcrates/acp-tui/src/application/mod.rs[0m[2m:[0m[2m83:[0m Generated client ID: tui_4cf938796002b6b4
[2m2025-12-02T13:29:39.255362Z[0m [32m INFO[0m ThreadId(01) [1mnew[0m[2m:[0m [2macp_tui::application[0m[2m:[0m [2mcrates/acp-tui/src/application/mod.rs[0m[2m:[0m[2m138:[0m Application initialized successfully
[2m2025-12-02T13:29:39.255386Z[0m [32m INFO[0m ThreadId(01) [1mnew[0m[2m:[0m [2macp_tui::application[0m[2m:[0m [2mcrates/acp-tui/src/application/mod.rs[0m[2m:[0m[2m77:[0m exit
[2m2025-12-02T13:29:39.255392Z[0m [32m INFO[0m ThreadId(01) [1mnew[0m[2m:[0m [2macp_tui::application[0m[2m:[0m [2mcrates/acp-tui/src/application/mod.rs[0m[2m:[0m[2m77:[0m enter
[2m2025-12-02T13:29:39.255394Z[0m [32m INFO[0m ThreadId(01) [1mnew[0m[2m:[0m [2macp_tui::application[0m[2m:[0m [2mcrates/acp-tui/src/application/mod.rs[0m[2m:[0m[2m77:[0m exit
[2m2025-12-02T13:29:39.255397Z[0m [32m INFO[0m ThreadId(01) [1mnew[0m[2m:[0m [2macp_tui::application[0m[2m:[0m [2mcrates/acp-tui/src/application/mod.rs[0m[2m:[0m[2m77:[0m close [3mtime.busy[0m[2m=[0m39.0ms [3mtime.idle[0m[2m=[0m11.3µs
[2m2025-12-02T13:29:39.255408Z[0m [32m INFO[0m ThreadId(01) [1mrun[0m[2m:[0m [2macp_tui::application[0m[2m:[0m [2mcrates/acp-tui/src/application/mod.rs[0m[2m:[0m[2m154:[0m new
[2m2025-12-02T13:29:39.255412Z[0m [32m INFO[0m ThreadId(01) [1mrun[0m[2m:[0m [2macp_tui::application[0m[2m:[0m [2mcrates/acp-tui/src/application/mod.rs[0m[2m:[0m[2m154:[0m enter
[2m2025-12-02T13:29:39.255414Z[0m [32m INFO[0m ThreadId(01) [1mrun[0m[2m:[0m [2macp_tui::application[0m[2m:[0m [2mcrates/acp-tui/src/application/mod.rs[0m[2m:[0m[2m156:[0m Starting application main loop
[2m2025-12-02T13:29:39.255417Z[0m [32m INFO[0m ThreadId(01) [1mrun[0m[2m:[0m [2macp_tui::services::websocket_manager[0m[2m:[0m [2mcrates/acp-tui/src/services/websocket_manager.rs[0m[2m:[0m[2m34:[0m Starting WebSocket connection to http://localhost:9999
[2m2025-12-02T13:29:39.298736Z[0m [32m INFO[0m ThreadId(01) [1mrun[0m[2m:[0m [2macp_tui::services::api[0m[2m:[0m [2mcrates/acp-tui/src/services/api.rs[0m[2m:[0m[2m121:[0m Creating subscription for client: tui_4cf938796002b6b4
[2m2025-12-02T13:29:39.298852Z[0m [32m INFO[0m ThreadId(01) [1mrun[0m[2m:[0m [2macp_tui::application[0m[2m:[0m [2mcrates/acp-tui/src/application/mod.rs[0m[2m:[0m[2m154:[0m exit
[2m2025-12-02T13:29:39.299228Z[0m [32m INFO[0m ThreadId(01) [1mrun[0m[2m:[0m [2macp_tui::application[0m[2m:[0m [2mcrates/acp-tui/src/application/mod.rs[0m[2m:[0m[2m154:[0m enter
[2m2025-12-02T13:29:39.299337Z[0m [32m INFO[0m ThreadId(01) [1mrun[0m[2m:[0m [2macp_tui::application[0m[2m:[0m [2mcrates/acp-tui/src/application/mod.rs[0m[2m:[0m[2m154:[0m exit
[2m2025-12-02T13:29:39.299360Z[0m [32m INFO[0m ThreadId(01) [1mrun[0m[2m:[0m [2macp_tui::application[0m[2m:[0m [2mcrates/acp-tui/src/application/mod.rs[0m[2m:[0m[2m154:[0m enter
[2m2025-12-02T13:29:39.299452Z[0m [32m INFO[0m ThreadId(01) [1mrun[0m[2m:[0m [2macp_tui::application[0m[2m:[0m [2mcrates/acp-tui/src/application/mod.rs[0m[2m:[0m[2m154:[0m exit
[2m2025-12-02T13:29:39.299476Z[0m [32m INFO[0m ThreadId(01) [1mrun[0m[2m:[0m [2macp_tui::application[0m[2m:[0m [2mcrates/acp-tui/src/application/mod.rs[0m[2m:[0m[2m154:[0m enter
[2m2025-12-02T13:29:39.299505Z[0m [32m INFO[0m ThreadId(01) [1mrun[0m[2m:[0m [2macp_tui::application[0m[2m:[0m [2mcrates/acp-tui/src/application/mod.rs[0m[2m:[0m[2m154:[0m exit
[2m2025-12-02T13:29:39.299543Z[0m [32m INFO[0m ThreadId(01) [1mrun[0m[2m:[0m [2macp_tui::application[0m[2m:[0m [2mcrates/acp-tui/src/application/mod.rs[0m[2m:[0m[2m154:[0m enter
[2m2025-12-02T13:29:39.299559Z[0m [32m INFO[0m ThreadId(01) [1mrun[0m[2m:[0m [2macp_tui::application[0m[2m:[0m [2mcrates/acp-tui/src/application/mod.rs[0m[2m:[0m[2m154:[0m exit
[2m2025-12-02T13:29:39.301466Z[0m [32m INFO[0m ThreadId(01) [1mrun[0m[2m:[0m [2macp_tui::application[0m[2m:[0m [2mcrates/acp-tui/src/application/mod.rs[0m[2m:[0m[2m154:[0m enter
[2m2025-12-02T13:29:39.301525Z[0m [32m INFO[0m ThreadId(01) [1mrun[0m[2m:[0m [2macp_tui::services::api[0m[2m:[0m [2mcrates/acp-tui/src/services/api.rs[0m[2m:[0m[2m133:[0m Subscription created: sub_f8b722ef-a3f1-4d9f-a6b5-69b710b1b9b0
[2m2025-12-02T13:29:39.301530Z[0m [32m INFO[0m ThreadId(01) [1mrun[0m[2m:[0m [2macp_tui::services::websocket_manager[0m[2m:[0m [2mcrates/acp-tui/src/services/websocket_manager.rs[0m[2m:[0m[2m61:[0m WebSocket subscription created: sub_f8b722ef-a3f1-4d9f-a6b5-69b710b1b9b0
[2m2025-12-02T13:29:39.338457Z[0m [32m INFO[0m ThreadId(01) [1mrun[0m[2m:[0m [2macp_tui::services::websocket_manager[0m[2m:[0m [2mcrates/acp-tui/src/services/websocket_manager.rs[0m[2m:[0m[2m67:[0m Connecting to WebSocket: ws://localhost:9999/stream/sub_f8b722ef-a3f1-4d9f-a6b5-69b710b1b9b0
[2m2025-12-02T13:29:39.338552Z[0m [32m INFO[0m ThreadId(01) [1mrun[0m[2m:[0m [2macp_tui::application[0m[2m:[0m [2mcrates/acp-tui/src/application/mod.rs[0m[2m:[0m[2m154:[0m exit
[2m2025-12-02T13:29:39.338969Z[0m [32m INFO[0m ThreadId(01) [1mrun[0m[2m:[0m [2macp_tui::application[0m[2m:[0m [2mcrates/acp-tui/src/application/mod.rs[0m[2m:[0m[2m154:[0m enter
[2m2025-12-02T13:29:39.339077Z[0m [32m INFO[0m ThreadId(01) [1mrun[0m[2m:[0m [2macp_tui::application[0m[2m:[0m [2mcrates/acp-tui/src/application/mod.rs[0m[2m:[0m[2m154:[0m exit
[2m2025-12-02T13:29:39.339109Z[0m [32m INFO[0m ThreadId(01) [1mrun[0m[2m:[0m [2macp_tui::application[0m[2m:[0m [2mcrates/acp-tui/src/application/mod.rs[0m[2m:[0m[2m154:[0m enter
[2m2025-12-02T13:29:39.339217Z[0m [32m INFO[0m ThreadId(01) [1mrun[0m[2m:[0m [2macp_tui::application[0m[2m:[0m [2mcrates/acp-tui/src/application/mod.rs[0m[2m:[0m[2m154:[0m exit
[2m2025-12-02T13:29:39.339233Z[0m [32m INFO[0m ThreadId(01) [1mrun[0m[2m:[0m [2macp_tui::application[0m[2m:[0m [2mcrates/acp-tui/src/application/mod.rs[0m[2m:[0m[2m154:[0m enter
[2m2025-12-02T13:29:39.340612Z[0m [32m INFO[0m ThreadId(01) [1mrun[0m[2m:[0m [2macp_tui::application[0m[2m:[0m [2mcrates/acp-tui/src/application/mod.rs[0m[2m:[0m[2m154:[0m exit
[2m2025-12-02T13:29:39.341749Z[0m [32m INFO[0m ThreadId(01) [1mrun[0m[2m:[0m [2macp_tui::application[0m[2m:[0m [2mcrates/acp-tui/src/application/mod.rs[0m[2m:[0m[2m154:[0m enter
[2m2025-12-02T13:29:39.341800Z[0m [32m INFO[0m ThreadId(01) [1mrun[0m[2m:[0m [2macp_tui::services::websocket_manager[0m[2m:[0m [2mcrates/acp-tui/src/services/websocket_manager.rs[0m[2m:[0m[2m72:[0m WebSocket connected successfully
[2m2025-12-02T13:29:40.440419Z[0m [32m INFO[0m ThreadId(01) [1mrun[0m[2m:[0m [2macp_tui::utils::event_logger[0m[2m:[0m [2mcrates/acp-tui/src/utils/event_logger.rs[0m[2m:[0m[2m132:[0m Component focus changed [3mevent[0m[2m=[0m"focus_change" [3mfrom[0m[2m=[0mQueryInput [3mto[0m[2m=[0mQueryInput [3msuccess[0m[2m=[0mtrue
[2m2025-12-02T13:29:41.225725Z[0m [32m INFO[0m ThreadId(01) [1mrun[0m[2m:[0m [2macp_tui::utils::event_logger[0m[2m:[0m [2mcrates/acp-tui/src/utils/event_logger.rs[0m[2m:[0m[2m132:[0m Component focus changed [3mevent[0m[2m=[0m"focus_change" [3mfrom[0m[2m=[0mQueryInput [3mto[0m[2m=[0mQueryInput [3msuccess[0m[2m=[0mtrue
[2m2025-12-02T13:29:41.437091Z[0m [32m INFO[0m ThreadId(01) [1mrun[0m[2m:[0m [2macp_tui::utils::event_logger[0m[2m:[0m [2mcrates/acp-tui/src/utils/event_logger.rs[0m[2m:[0m[2m132:[0m Component focus changed [3mevent[0m[2m=[0m"focus_change" [3mfrom[0m[2m=[0mQueryInput [3mto[0m[2m=[0mQueryInput [3msuccess[0m[2m=[0mtrue
[2m2025-12-02T13:29:41.596016Z[0m [32m INFO[0m ThreadId(01) [1mrun[0m[2m:[0m [2macp_tui::utils::event_logger[0m[2m:[0m [2mcrates/acp-tui/src/utils/event_logger.rs[0m[2m:[0m[2m132:[0m Component focus changed [3mevent[0m[2m=[0m"focus_change" [3mfrom[0m[2m=[0mQueryInput [3mto[0m[2m=[0mQueryInput [3msuccess[0m[2m=[0mtrue
[2m2025-12-02T13:29:43.664153Z[0m [32m INFO[0m ThreadId(01) [1mrun[0m[2m:[0m [2macp_tui::utils::event_logger[0m[2m:[0m [2mcrates/acp-tui/src/utils/event_logger.rs[0m[2m:[0m[2m132:[0m Component focus changed [3mevent[0m[2m=[0m"focus_change" [3mfrom[0m[2m=[0mQueryInput [3mto[0m[2m=[0mTimeline [3msuccess[0m[2m=[0mtrue
[2m2025-12-02T13:29:44.117550Z[0m [32m INFO[0m ThreadId(01) [1mrun[0m[2m:[0m [2macp_tui::utils::event_logger[0m[2m:[0m [2mcrates/acp-tui/src/utils/event_logger.rs[0m[2m:[0m[2m132:[0m Component focus changed [3mevent[0m[2m=[0m"focus_change" [3mfrom[0m[2m=[0mTimeline [3mto[0m[2m=[0mQueryInput [3msuccess[0m[2m=[0mtrue
[2m2025-12-02T13:31:21.992432Z[0m [32m INFO[0m ThreadId(01) [1mrun[0m[2m:[0m [2macp_tui::application[0m[2m:[0m [2mcrates/acp-tui/src/application/mod.rs[0m[2m:[0m[2m227:[0m Quit message received, initiating shutdown
[2m2025-12-02T13:31:21.992447Z[0m [32m INFO[0m ThreadId(01) [1mrun[0m[2m:[0m [2macp_tui::application[0m[2m:[0m [2mcrates/acp-tui/src/application/mod.rs[0m[2m:[0m[2m195:[0m Initiating graceful shutdown
[2m2025-12-02T13:31:21.992450Z[0m [32m INFO[0m ThreadId(01) [1mrun[0m[2m:[0m [2macp_tui::services::websocket_manager[0m[2m:[0m [2mcrates/acp-tui/src/services/websocket_manager.rs[0m[2m:[0m[2m130:[0m Disconnecting WebSocket
[2m2025-12-02T13:31:21.992462Z[0m [32m INFO[0m ThreadId(01) [1mrun[0m[2m:[0m [2macp_tui::application[0m[2m:[0m [2mcrates/acp-tui/src/application/mod.rs[0m[2m:[0m[2m154:[0m exit
[2m2025-12-02T13:31:22.094275Z[0m [32m INFO[0m ThreadId(01) [1mrun[0m[2m:[0m [2macp_tui::application[0m[2m:[0m [2mcrates/acp-tui/src/application/mod.rs[0m[2m:[0m[2m154:[0m enter
[2m2025-12-02T13:31:22.094327Z[0m [32m INFO[0m ThreadId(01) [1mrun[0m[2m:[0m [2macp_tui::application[0m[2m:[0m [2mcrates/acp-tui/src/application/mod.rs[0m[2m:[0m[2m214:[0m Graceful shutdown complete
[2m2025-12-02T13:31:22.094338Z[0m [32m INFO[0m ThreadId(01) [1mrun[0m[2m:[0m [2macp_tui::application[0m[2m:[0m [2mcrates/acp-tui/src/application/mod.rs[0m[2m:[0m[2m154:[0m exit
[2m2025-12-02T13:31:22.094344Z[0m [32m INFO[0m ThreadId(01) [1mrun[0m[2m:[0m [2macp_tui::application[0m[2m:[0m [2mcrates/acp-tui/src/application/mod.rs[0m[2m:[0m[2m154:[0m enter
[2m2025-12-02T13:31:22.094348Z[0m [32m INFO[0m ThreadId(01) [1mrun[0m[2m:[0m [2macp_tui::application[0m[2m:[0m [2mcrates/acp-tui/src/application/mod.rs[0m[2m:[0m[2m154:[0m exit
[2m2025-12-02T13:31:22.094354Z[0m [32m INFO[0m ThreadId(01) [1mrun[0m[2m:[0m [2macp_tui::application[0m[2m:[0m [2mcrates/acp-tui/src/application/mod.rs[0m[2m:[0m[2m154:[0m close [3mtime.busy[0m[2m=[0m103s [3mtime.idle[0m[2m=[0m106ms
[2m2025-12-02T13:31:22.094370Z[0m [32m INFO[0m ThreadId(01) [1mcleanup[0m[2m:[0m [2macp_tui::application[0m[2m:[0m [2mcrates/acp-tui/src/application/mod.rs[0m[2m:[0m[2m498:[0m new
[2m2025-12-02T13:31:22.094375Z[0m [32m INFO[0m ThreadId(01) [1mcleanup[0m[2m:[0m [2macp_tui::application[0m[2m:[0m [2mcrates/acp-tui/src/application/mod.rs[0m[2m:[0m[2m498:[0m enter
[2m2025-12-02T13:31:22.094380Z[0m [32m INFO[0m ThreadId(01) [1mcleanup[0m[2m:[0m [2macp_tui::application[0m[2m:[0m [2mcrates/acp-tui/src/application/mod.rs[0m[2m:[0m[2m500:[0m Cleaning up application resources
[2m2025-12-02T13:31:22.094402Z[0m [32m INFO[0m ThreadId(01) [1mcleanup[0m[2m:[0m [2macp_tui::application[0m[2m:[0m [2mcrates/acp-tui/src/application/mod.rs[0m[2m:[0m[2m512:[0m Application cleanup completed
[2m2025-12-02T13:31:22.094415Z[0m [32m INFO[0m ThreadId(01) [1mcleanup[0m[2m:[0m [2macp_tui::application[0m[2m:[0m [2mcrates/acp-tui/src/application/mod.rs[0m[2m:[0m[2m498:[0m exit
[2m2025-12-02T13:31:22.094422Z[0m [32m INFO[0m ThreadId(01) [1mcleanup[0m[2m:[0m [2macp_tui::application[0m[2m:[0m [2mcrates/acp-tui/src/application/mod.rs[0m[2m:[0m[2m498:[0m close [3mtime.busy[0m[2m=[0m40.3µs [3mtime.idle[0m[2m=[0m13.0µs
[2m2025-12-02T13:31:22.094429Z[0m [32m INFO[0m ThreadId(15) [2macp_tui::services::websocket_manager[0m[2m:[0m [2mcrates/acp-tui/src/services/websocket_manager.rs[0m[2m:[0m[2m130:[0m Disconnecting WebSocket
[2m2025-12-02T13:31:22.106408Z[0m [32m INFO[0m ThreadId(01) [2macp_tui[0m[2m:[0m [2mcrates/acp-tui/src/main.rs[0m[2m:[0m[2m85:[0m ACP TUI client shutting down
