[2m2025-12-02T15:29:17.605181Z[0m [32m INFO[0m ThreadId(01) [2macp_tui[0m[2m:[0m [2mcrates/acp-tui/src/main.rs[0m[2m:[0m[2m133:[0m Tracing initialized with comprehensive logging [3mlog_file[0m[2m=[0m./logs/acp-tui-2025-12-02-152917.log
[2m2025-12-02T15:29:17.605200Z[0m [32m INFO[0m ThreadId(01) [2macp_tui[0m[2m:[0m [2mcrates/acp-tui/src/main.rs[0m[2m:[0m[2m134:[0m All events will be logged to ./logs/acp-tui-2025-12-02-152917.log for debugging
[2m2025-12-02T15:29:17.605205Z[0m [32m INFO[0m ThreadId(01) [2macp_tui[0m[2m:[0m [2mcrates/acp-tui/src/main.rs[0m[2m:[0m[2m73:[0m Starting ACP TUI client
[2m2025-12-02T15:29:17.605207Z[0m [32m INFO[0m ThreadId(01) [2macp_tui[0m[2m:[0m [2mcrates/acp-tui/src/main.rs[0m[2m:[0m[2m74:[0m Server: http://localhost:9999
[2m2025-12-02T15:29:17.605210Z[0m [32m INFO[0m ThreadId(01) [2macp_tui[0m[2m:[0m [2mcrates/acp-tui/src/main.rs[0m[2m:[0m[2m140:[0m Testing connectivity to ACP server...
[2m2025-12-02T15:29:17.605222Z[0m [32m INFO[0m ThreadId(01) [1mtest_connection[0m[1m{[0m[3mserver_url[0m[2m=[0mhttp://localhost:9999[1m}[0m[2m:[0m [2macp_tui::client[0m[2m:[0m [2mcrates/acp-tui/src/client.rs[0m[2m:[0m[2m58:[0m new
[2m2025-12-02T15:29:17.605232Z[0m [32m INFO[0m ThreadId(01) [1mtest_connection[0m[1m{[0m[3mserver_url[0m[2m=[0mhttp://localhost:9999[1m}[0m[2m:[0m [2macp_tui::client[0m[2m:[0m [2mcrates/acp-tui/src/client.rs[0m[2m:[0m[2m58:[0m enter
[2m2025-12-02T15:29:17.648743Z[0m [32m INFO[0m ThreadId(01) [1mtest_connection[0m[1m{[0m[3mserver_url[0m[2m=[0mhttp://localhost:9999[1m}[0m[2m:[0m [2macp_tui::client[0m[2m:[0m [2mcrates/acp-tui/src/client.rs[0m[2m:[0m[2m58:[0m exit
[2m2025-12-02T15:29:17.649652Z[0m [32m INFO[0m ThreadId(01) [1mtest_connection[0m[1m{[0m[3mserver_url[0m[2m=[0mhttp://localhost:9999[1m}[0m[2m:[0m [2macp_tui::client[0m[2m:[0m [2mcrates/acp-tui/src/client.rs[0m[2m:[0m[2m58:[0m enter
[2m2025-12-02T15:29:17.649857Z[0m [32m INFO[0m ThreadId(01) [1mtest_connection[0m[1m{[0m[3mserver_url[0m[2m=[0mhttp://localhost:9999[1m}[0m[2m:[0m [2macp_tui::client[0m[2m:[0m [2mcrates/acp-tui/src/client.rs[0m[2m:[0m[2m58:[0m exit
[2m2025-12-02T15:29:17.649868Z[0m [32m INFO[0m ThreadId(01) [1mtest_connection[0m[1m{[0m[3mserver_url[0m[2m=[0mhttp://localhost:9999[1m}[0m[2m:[0m [2macp_tui::client[0m[2m:[0m [2mcrates/acp-tui/src/client.rs[0m[2m:[0m[2m58:[0m enter
[2m2025-12-02T15:29:17.649988Z[0m [32m INFO[0m ThreadId(01) [1mtest_connection[0m[1m{[0m[3mserver_url[0m[2m=[0mhttp://localhost:9999[1m}[0m[2m:[0m [2macp_tui::client[0m[2m:[0m [2mcrates/acp-tui/src/client.rs[0m[2m:[0m[2m58:[0m exit
[2m2025-12-02T15:29:17.649997Z[0m [32m INFO[0m ThreadId(01) [1mtest_connection[0m[1m{[0m[3mserver_url[0m[2m=[0mhttp://localhost:9999[1m}[0m[2m:[0m [2macp_tui::client[0m[2m:[0m [2mcrates/acp-tui/src/client.rs[0m[2m:[0m[2m58:[0m enter
[2m2025-12-02T15:29:17.650048Z[0m [32m INFO[0m ThreadId(01) [1mtest_connection[0m[1m{[0m[3mserver_url[0m[2m=[0mhttp://localhost:9999[1m}[0m[2m:[0m [2macp_tui::client[0m[2m:[0m [2mcrates/acp-tui/src/client.rs[0m[2m:[0m[2m58:[0m exit
[2m2025-12-02T15:29:17.650094Z[0m [32m INFO[0m ThreadId(01) [1mtest_connection[0m[1m{[0m[3mserver_url[0m[2m=[0mhttp://localhost:9999[1m}[0m[2m:[0m [2macp_tui::client[0m[2m:[0m [2mcrates/acp-tui/src/client.rs[0m[2m:[0m[2m58:[0m enter
[2m2025-12-02T15:29:17.650137Z[0m [32m INFO[0m ThreadId(01) [1mtest_connection[0m[1m{[0m[3mserver_url[0m[2m=[0mhttp://localhost:9999[1m}[0m[2m:[0m [2macp_tui::client[0m[2m:[0m [2mcrates/acp-tui/src/client.rs[0m[2m:[0m[2m58:[0m exit
[2m2025-12-02T15:29:17.651881Z[0m [32m INFO[0m ThreadId(01) [1mtest_connection[0m[1m{[0m[3mserver_url[0m[2m=[0mhttp://localhost:9999[1m}[0m[2m:[0m [2macp_tui::client[0m[2m:[0m [2mcrates/acp-tui/src/client.rs[0m[2m:[0m[2m58:[0m enter
[2m2025-12-02T15:29:17.653150Z[0m [32m INFO[0m ThreadId(01) [1mtest_connection[0m[1m{[0m[3mserver_url[0m[2m=[0mhttp://localhost:9999[1m}[0m[2m:[0m [2macp_tui::client[0m[2m:[0m [2mcrates/acp-tui/src/client.rs[0m[2m:[0m[2m58:[0m exit
[2m2025-12-02T15:29:17.653169Z[0m [32m INFO[0m ThreadId(01) [1mtest_connection[0m[1m{[0m[3mserver_url[0m[2m=[0mhttp://localhost:9999[1m}[0m[2m:[0m [2macp_tui::client[0m[2m:[0m [2mcrates/acp-tui/src/client.rs[0m[2m:[0m[2m58:[0m enter
[2m2025-12-02T15:29:17.653172Z[0m [32m INFO[0m ThreadId(01) [1mtest_connection[0m[1m{[0m[3mserver_url[0m[2m=[0mhttp://localhost:9999[1m}[0m[2m:[0m [2macp_tui::client[0m[2m:[0m [2mcrates/acp-tui/src/client.rs[0m[2m:[0m[2m58:[0m exit
[2m2025-12-02T15:29:17.653175Z[0m [32m INFO[0m ThreadId(01) [1mtest_connection[0m[1m{[0m[3mserver_url[0m[2m=[0mhttp://localhost:9999[1m}[0m[2m:[0m [2macp_tui::client[0m[2m:[0m [2mcrates/acp-tui/src/client.rs[0m[2m:[0m[2m58:[0m close [3mtime.busy[0m[2m=[0m45.2ms [3mtime.idle[0m[2m=[0m2.75ms
[2m2025-12-02T15:29:17.653192Z[0m [32m INFO[0m ThreadId(01) [2macp_tui[0m[2m:[0m [2mcrates/acp-tui/src/main.rs[0m[2m:[0m[2m144:[0m ✓ Connected to ACP server successfully
[2m2025-12-02T15:29:17.653197Z[0m [32m INFO[0m ThreadId(01) [2macp_tui[0m[2m:[0m [2mcrates/acp-tui/src/main.rs[0m[2m:[0m[2m145:[0m   Server status: healthy
[2m2025-12-02T15:29:17.653199Z[0m [32m INFO[0m ThreadId(01) [2macp_tui[0m[2m:[0m [2mcrates/acp-tui/src/main.rs[0m[2m:[0m[2m147:[0m   Server message: ACP server is running
[2m2025-12-02T15:29:17.653205Z[0m [32m INFO[0m ThreadId(01) [1mnew[0m[2m:[0m [2macp_tui::application[0m[2m:[0m [2mcrates/acp-tui/src/application/mod.rs[0m[2m:[0m[2m78:[0m new
[2m2025-12-02T15:29:17.653208Z[0m [32m INFO[0m ThreadId(01) [1mnew[0m[2m:[0m [2macp_tui::application[0m[2m:[0m [2mcrates/acp-tui/src/application/mod.rs[0m[2m:[0m[2m78:[0m enter
[2m2025-12-02T15:29:17.653211Z[0m [32m INFO[0m ThreadId(01) [1mnew[0m[2m:[0m [2macp_tui::application[0m[2m:[0m [2mcrates/acp-tui/src/application/mod.rs[0m[2m:[0m[2m80:[0m Initializing Elm-based ACP TUI application
[2m2025-12-02T15:29:17.655867Z[0m [32m INFO[0m ThreadId(01) [1mnew[0m[2m:[0m [2macp_tui::application[0m[2m:[0m [2mcrates/acp-tui/src/application/mod.rs[0m[2m:[0m[2m84:[0m Generated client ID: tui_4cf938796002b6b4
[2m2025-12-02T15:29:17.694226Z[0m [32m INFO[0m ThreadId(01) [1mnew[0m[2m:[0m [2macp_tui::application[0m[2m:[0m [2mcrates/acp-tui/src/application/mod.rs[0m[2m:[0m[2m139:[0m Application initialized successfully
[2m2025-12-02T15:29:17.694262Z[0m [32m INFO[0m ThreadId(01) [1mnew[0m[2m:[0m [2macp_tui::application[0m[2m:[0m [2mcrates/acp-tui/src/application/mod.rs[0m[2m:[0m[2m78:[0m exit
[2m2025-12-02T15:29:17.694270Z[0m [32m INFO[0m ThreadId(01) [1mnew[0m[2m:[0m [2macp_tui::application[0m[2m:[0m [2mcrates/acp-tui/src/application/mod.rs[0m[2m:[0m[2m78:[0m enter
[2m2025-12-02T15:29:17.694274Z[0m [32m INFO[0m ThreadId(01) [1mnew[0m[2m:[0m [2macp_tui::application[0m[2m:[0m [2mcrates/acp-tui/src/application/mod.rs[0m[2m:[0m[2m78:[0m exit
[2m2025-12-02T15:29:17.694277Z[0m [32m INFO[0m ThreadId(01) [1mnew[0m[2m:[0m [2macp_tui::application[0m[2m:[0m [2mcrates/acp-tui/src/application/mod.rs[0m[2m:[0m[2m78:[0m close [3mtime.busy[0m[2m=[0m41.1ms [3mtime.idle[0m[2m=[0m14.8µs
[2m2025-12-02T15:29:17.694291Z[0m [32m INFO[0m ThreadId(01) [1mrun[0m[2m:[0m [2macp_tui::application[0m[2m:[0m [2mcrates/acp-tui/src/application/mod.rs[0m[2m:[0m[2m155:[0m new
[2m2025-12-02T15:29:17.694301Z[0m [32m INFO[0m ThreadId(01) [1mrun[0m[2m:[0m [2macp_tui::application[0m[2m:[0m [2mcrates/acp-tui/src/application/mod.rs[0m[2m:[0m[2m155:[0m enter
[2m2025-12-02T15:29:17.694305Z[0m [32m INFO[0m ThreadId(01) [1mrun[0m[2m:[0m [2macp_tui::application[0m[2m:[0m [2mcrates/acp-tui/src/application/mod.rs[0m[2m:[0m[2m157:[0m Starting application main loop
[2m2025-12-02T15:29:17.694310Z[0m [32m INFO[0m ThreadId(01) [1mrun[0m[2m:[0m [2macp_tui::services::websocket_manager[0m[2m:[0m [2mcrates/acp-tui/src/services/websocket_manager.rs[0m[2m:[0m[2m34:[0m Starting WebSocket connection to http://localhost:9999
[2m2025-12-02T15:29:17.737378Z[0m [32m INFO[0m ThreadId(01) [1mrun[0m[2m:[0m [2macp_tui::services::api[0m[2m:[0m [2mcrates/acp-tui/src/services/api.rs[0m[2m:[0m[2m126:[0m Creating subscription for client: tui_4cf938796002b6b4
[2m2025-12-02T15:29:17.737515Z[0m [32m INFO[0m ThreadId(01) [1mrun[0m[2m:[0m [2macp_tui::application[0m[2m:[0m [2mcrates/acp-tui/src/application/mod.rs[0m[2m:[0m[2m155:[0m exit
[2m2025-12-02T15:29:17.738199Z[0m [32m INFO[0m ThreadId(01) [1mrun[0m[2m:[0m [2macp_tui::application[0m[2m:[0m [2mcrates/acp-tui/src/application/mod.rs[0m[2m:[0m[2m155:[0m enter
[2m2025-12-02T15:29:17.738316Z[0m [32m INFO[0m ThreadId(01) [1mrun[0m[2m:[0m [2macp_tui::application[0m[2m:[0m [2mcrates/acp-tui/src/application/mod.rs[0m[2m:[0m[2m155:[0m exit
[2m2025-12-02T15:29:17.738321Z[0m [32m INFO[0m ThreadId(01) [1mrun[0m[2m:[0m [2macp_tui::application[0m[2m:[0m [2mcrates/acp-tui/src/application/mod.rs[0m[2m:[0m[2m155:[0m enter
[2m2025-12-02T15:29:17.738415Z[0m [32m INFO[0m ThreadId(01) [1mrun[0m[2m:[0m [2macp_tui::application[0m[2m:[0m [2mcrates/acp-tui/src/application/mod.rs[0m[2m:[0m[2m155:[0m exit
[2m2025-12-02T15:29:17.738424Z[0m [32m INFO[0m ThreadId(01) [1mrun[0m[2m:[0m [2macp_tui::application[0m[2m:[0m [2mcrates/acp-tui/src/application/mod.rs[0m[2m:[0m[2m155:[0m enter
[2m2025-12-02T15:29:17.738447Z[0m [32m INFO[0m ThreadId(01) [1mrun[0m[2m:[0m [2macp_tui::application[0m[2m:[0m [2mcrates/acp-tui/src/application/mod.rs[0m[2m:[0m[2m155:[0m exit
[2m2025-12-02T15:29:17.738473Z[0m [32m INFO[0m ThreadId(01) [1mrun[0m[2m:[0m [2macp_tui::application[0m[2m:[0m [2mcrates/acp-tui/src/application/mod.rs[0m[2m:[0m[2m155:[0m enter
[2m2025-12-02T15:29:17.738492Z[0m [32m INFO[0m ThreadId(01) [1mrun[0m[2m:[0m [2macp_tui::application[0m[2m:[0m [2mcrates/acp-tui/src/application/mod.rs[0m[2m:[0m[2m155:[0m exit
[2m2025-12-02T15:29:17.740587Z[0m [32m INFO[0m ThreadId(01) [1mrun[0m[2m:[0m [2macp_tui::application[0m[2m:[0m [2mcrates/acp-tui/src/application/mod.rs[0m[2m:[0m[2m155:[0m enter
[2m2025-12-02T15:29:17.740662Z[0m [32m INFO[0m ThreadId(01) [1mrun[0m[2m:[0m [2macp_tui::services::api[0m[2m:[0m [2mcrates/acp-tui/src/services/api.rs[0m[2m:[0m[2m138:[0m Subscription created: sub_67bd3ef5-24f0-4a00-810e-7576e4d382a3
[2m2025-12-02T15:29:17.740667Z[0m [32m INFO[0m ThreadId(01) [1mrun[0m[2m:[0m [2macp_tui::services::websocket_manager[0m[2m:[0m [2mcrates/acp-tui/src/services/websocket_manager.rs[0m[2m:[0m[2m61:[0m WebSocket subscription created: sub_67bd3ef5-24f0-4a00-810e-7576e4d382a3
[2m2025-12-02T15:29:17.779180Z[0m [32m INFO[0m ThreadId(01) [1mrun[0m[2m:[0m [2macp_tui::services::websocket_manager[0m[2m:[0m [2mcrates/acp-tui/src/services/websocket_manager.rs[0m[2m:[0m[2m67:[0m Connecting to WebSocket: ws://localhost:9999/stream/sub_67bd3ef5-24f0-4a00-810e-7576e4d382a3
[2m2025-12-02T15:29:17.779312Z[0m [32m INFO[0m ThreadId(01) [1mrun[0m[2m:[0m [2macp_tui::application[0m[2m:[0m [2mcrates/acp-tui/src/application/mod.rs[0m[2m:[0m[2m155:[0m exit
[2m2025-12-02T15:29:17.779695Z[0m [32m INFO[0m ThreadId(01) [1mrun[0m[2m:[0m [2macp_tui::application[0m[2m:[0m [2mcrates/acp-tui/src/application/mod.rs[0m[2m:[0m[2m155:[0m enter
[2m2025-12-02T15:29:17.779814Z[0m [32m INFO[0m ThreadId(01) [1mrun[0m[2m:[0m [2macp_tui::application[0m[2m:[0m [2mcrates/acp-tui/src/application/mod.rs[0m[2m:[0m[2m155:[0m exit
[2m2025-12-02T15:29:17.779839Z[0m [32m INFO[0m ThreadId(01) [1mrun[0m[2m:[0m [2macp_tui::application[0m[2m:[0m [2mcrates/acp-tui/src/application/mod.rs[0m[2m:[0m[2m155:[0m enter
[2m2025-12-02T15:29:17.779942Z[0m [32m INFO[0m ThreadId(01) [1mrun[0m[2m:[0m [2macp_tui::application[0m[2m:[0m [2mcrates/acp-tui/src/application/mod.rs[0m[2m:[0m[2m155:[0m exit
[2m2025-12-02T15:29:17.779958Z[0m [32m INFO[0m ThreadId(01) [1mrun[0m[2m:[0m [2macp_tui::application[0m[2m:[0m [2mcrates/acp-tui/src/application/mod.rs[0m[2m:[0m[2m155:[0m enter
[2m2025-12-02T15:29:17.781007Z[0m [32m INFO[0m ThreadId(01) [1mrun[0m[2m:[0m [2macp_tui::application[0m[2m:[0m [2mcrates/acp-tui/src/application/mod.rs[0m[2m:[0m[2m155:[0m exit
[2m2025-12-02T15:29:17.781815Z[0m [32m INFO[0m ThreadId(01) [1mrun[0m[2m:[0m [2macp_tui::application[0m[2m:[0m [2mcrates/acp-tui/src/application/mod.rs[0m[2m:[0m[2m155:[0m enter
[2m2025-12-02T15:29:17.781858Z[0m [32m INFO[0m ThreadId(01) [1mrun[0m[2m:[0m [2macp_tui::services::websocket_manager[0m[2m:[0m [2mcrates/acp-tui/src/services/websocket_manager.rs[0m[2m:[0m[2m72:[0m WebSocket connected successfully with subscription: sub_67bd3ef5-24f0-4a00-810e-7576e4d382a3
[2m2025-12-02T15:29:21.927887Z[0m [32m INFO[0m ThreadId(01) [1mrun[0m[2m:[0m [2macp_tui::utils::event_logger[0m[2m:[0m [2mcrates/acp-tui/src/utils/event_logger.rs[0m[2m:[0m[2m137:[0m Component focus changed [3mevent[0m[2m=[0m"focus_change" [3mfrom[0m[2m=[0mQueryInput [3mto[0m[2m=[0mTimeline [3msuccess[0m[2m=[0mtrue
[2m2025-12-02T15:29:22.561938Z[0m [32m INFO[0m ThreadId(01) [1mrun[0m[2m:[0m [2macp_tui::utils::event_logger[0m[2m:[0m [2mcrates/acp-tui/src/utils/event_logger.rs[0m[2m:[0m[2m137:[0m Component focus changed [3mevent[0m[2m=[0m"focus_change" [3mfrom[0m[2m=[0mTimeline [3mto[0m[2m=[0mQueryInput [3msuccess[0m[2m=[0mtrue
[2m2025-12-02T15:29:26.565985Z[0m [32m INFO[0m ThreadId(01) [1mrun[0m[2m:[0m [2macp_tui::application[0m[2m:[0m [2mcrates/acp-tui/src/application/mod.rs[0m[2m:[0m[2m235:[0m Query text retrieved from component [3mquery[0m[2m=[0masdf
[2m2025-12-02T15:29:26.566016Z[0m [32m INFO[0m ThreadId(01) [1mrun[0m[2m:[0m [2macp_tui::utils::event_logger[0m[2m:[0m [2mcrates/acp-tui/src/utils/event_logger.rs[0m[2m:[0m[2m137:[0m Component focus changed [3mevent[0m[2m=[0m"focus_change" [3mfrom[0m[2m=[0mQueryInput [3mto[0m[2m=[0mQueryInput [3msuccess[0m[2m=[0mtrue
[2m2025-12-02T15:29:26.566026Z[0m [32m INFO[0m ThreadId(01) [1mrun[0m[2m:[0m [2macp_tui::application::update[0m[2m:[0m [2mcrates/acp-tui/src/application/update.rs[0m[2m:[0m[2m108:[0m Query submitted [3mquery[0m[2m=[0masdf [3mquery_len[0m[2m=[0m4
[2m2025-12-02T15:29:26.566032Z[0m [32m INFO[0m ThreadId(01) [1mrun[0m[2m:[0m [2macp_tui::application[0m[2m:[0m [2mcrates/acp-tui/src/application/mod.rs[0m[2m:[0m[2m372:[0m Handling query execution side effect [3mquery[0m[2m=[0masdf [3msubscription_id[0m[2m=[0mNone
[2m2025-12-02T15:29:26.566036Z[0m [33m WARN[0m ThreadId(01) [1mrun[0m[2m:[0m [2macp_tui::application[0m[2m:[0m [2mcrates/acp-tui/src/application/mod.rs[0m[2m:[0m[2m391:[0m Query execution attempted without subscription
[2m2025-12-02T15:29:26.566046Z[0m [32m INFO[0m ThreadId(01) [1mrun[0m[2m:[0m [2macp_tui::application::update[0m[2m:[0m [2mcrates/acp-tui/src/application/update.rs[0m[2m:[0m[2m123:[0m Query execution started [3mquery[0m[2m=[0masdf [3msubscription_id[0m[2m=[0mNone [3mconnection_state[0m[2m=[0mDisconnected
[2m2025-12-02T15:29:26.566050Z[0m [32m INFO[0m ThreadId(01) [1mrun[0m[2m:[0m [2macp_tui::utils::event_logger[0m[2m:[0m [2mcrates/acp-tui/src/utils/event_logger.rs[0m[2m:[0m[2m137:[0m Component focus changed [3mevent[0m[2m=[0m"focus_change" [3mfrom[0m[2m=[0mQueryInput [3mto[0m[2m=[0mQueryInput [3msuccess[0m[2m=[0mtrue
[2m2025-12-02T15:29:26.566054Z[0m [32m INFO[0m ThreadId(01) [1mrun[0m[2m:[0m [2macp_tui::utils::event_logger[0m[2m:[0m [2mcrates/acp-tui/src/utils/event_logger.rs[0m[2m:[0m[2m105:[0m Query execution started [3mevent[0m[2m=[0m"query_submitted"
[2m2025-12-02T15:29:28.902650Z[0m [32m INFO[0m ThreadId(01) [1mrun[0m[2m:[0m [2macp_tui::utils::event_logger[0m[2m:[0m [2mcrates/acp-tui/src/utils/event_logger.rs[0m[2m:[0m[2m137:[0m Component focus changed [3mevent[0m[2m=[0m"focus_change" [3mfrom[0m[2m=[0mQueryInput [3mto[0m[2m=[0mTimeline [3msuccess[0m[2m=[0mtrue
[2m2025-12-02T15:29:29.147748Z[0m [32m INFO[0m ThreadId(01) [1mrun[0m[2m:[0m [2macp_tui::application[0m[2m:[0m [2mcrates/acp-tui/src/application/mod.rs[0m[2m:[0m[2m228:[0m Quit message received, initiating shutdown
[2m2025-12-02T15:29:29.147771Z[0m [32m INFO[0m ThreadId(01) [1mrun[0m[2m:[0m [2macp_tui::application[0m[2m:[0m [2mcrates/acp-tui/src/application/mod.rs[0m[2m:[0m[2m196:[0m Initiating graceful shutdown
[2m2025-12-02T15:29:29.147776Z[0m [32m INFO[0m ThreadId(01) [1mrun[0m[2m:[0m [2macp_tui::services::websocket_manager[0m[2m:[0m [2mcrates/acp-tui/src/services/websocket_manager.rs[0m[2m:[0m[2m130:[0m Disconnecting WebSocket
[2m2025-12-02T15:29:29.147792Z[0m [32m INFO[0m ThreadId(01) [1mrun[0m[2m:[0m [2macp_tui::application[0m[2m:[0m [2mcrates/acp-tui/src/application/mod.rs[0m[2m:[0m[2m155:[0m exit
[2m2025-12-02T15:29:29.249075Z[0m [32m INFO[0m ThreadId(01) [1mrun[0m[2m:[0m [2macp_tui::application[0m[2m:[0m [2mcrates/acp-tui/src/application/mod.rs[0m[2m:[0m[2m155:[0m enter
[2m2025-12-02T15:29:29.249146Z[0m [32m INFO[0m ThreadId(01) [1mrun[0m[2m:[0m [2macp_tui::application[0m[2m:[0m [2mcrates/acp-tui/src/application/mod.rs[0m[2m:[0m[2m215:[0m Graceful shutdown complete
[2m2025-12-02T15:29:29.249157Z[0m [32m INFO[0m ThreadId(01) [1mrun[0m[2m:[0m [2macp_tui::application[0m[2m:[0m [2mcrates/acp-tui/src/application/mod.rs[0m[2m:[0m[2m155:[0m exit
[2m2025-12-02T15:29:29.249164Z[0m [32m INFO[0m ThreadId(01) [1mrun[0m[2m:[0m [2macp_tui::application[0m[2m:[0m [2mcrates/acp-tui/src/application/mod.rs[0m[2m:[0m[2m155:[0m enter
[2m2025-12-02T15:29:29.249169Z[0m [32m INFO[0m ThreadId(01) [1mrun[0m[2m:[0m [2macp_tui::application[0m[2m:[0m [2mcrates/acp-tui/src/application/mod.rs[0m[2m:[0m[2m155:[0m exit
[2m2025-12-02T15:29:29.249175Z[0m [32m INFO[0m ThreadId(01) [1mrun[0m[2m:[0m [2macp_tui::application[0m[2m:[0m [2mcrates/acp-tui/src/application/mod.rs[0m[2m:[0m[2m155:[0m close [3mtime.busy[0m[2m=[0m11.4s [3mtime.idle[0m[2m=[0m105ms
[2m2025-12-02T15:29:29.249191Z[0m [32m INFO[0m ThreadId(01) [1mcleanup[0m[2m:[0m [2macp_tui::application[0m[2m:[0m [2mcrates/acp-tui/src/application/mod.rs[0m[2m:[0m[2m555:[0m new
[2m2025-12-02T15:29:29.249197Z[0m [32m INFO[0m ThreadId(01) [1mcleanup[0m[2m:[0m [2macp_tui::application[0m[2m:[0m [2mcrates/acp-tui/src/application/mod.rs[0m[2m:[0m[2m555:[0m enter
[2m2025-12-02T15:29:29.249203Z[0m [32m INFO[0m ThreadId(01) [1mcleanup[0m[2m:[0m [2macp_tui::application[0m[2m:[0m [2mcrates/acp-tui/src/application/mod.rs[0m[2m:[0m[2m557:[0m Cleaning up application resources
[2m2025-12-02T15:29:29.249226Z[0m [32m INFO[0m ThreadId(01) [1mcleanup[0m[2m:[0m [2macp_tui::application[0m[2m:[0m [2mcrates/acp-tui/src/application/mod.rs[0m[2m:[0m[2m569:[0m Application cleanup completed
[2m2025-12-02T15:29:29.249243Z[0m [32m INFO[0m ThreadId(01) [1mcleanup[0m[2m:[0m [2macp_tui::application[0m[2m:[0m [2mcrates/acp-tui/src/application/mod.rs[0m[2m:[0m[2m555:[0m exit
[2m2025-12-02T15:29:29.249244Z[0m [32m INFO[0m ThreadId(03) [2macp_tui::services::websocket_manager[0m[2m:[0m [2mcrates/acp-tui/src/services/websocket_manager.rs[0m[2m:[0m[2m130:[0m Disconnecting WebSocket
[2m2025-12-02T15:29:29.249250Z[0m [32m INFO[0m ThreadId(01) [1mcleanup[0m[2m:[0m [2macp_tui::application[0m[2m:[0m [2mcrates/acp-tui/src/application/mod.rs[0m[2m:[0m[2m555:[0m close [3mtime.busy[0m[2m=[0m45.7µs [3mtime.idle[0m[2m=[0m13.9µs
[2m2025-12-02T15:29:29.260849Z[0m [32m INFO[0m ThreadId(01) [2macp_tui[0m[2m:[0m [2mcrates/acp-tui/src/main.rs[0m[2m:[0m[2m85:[0m ACP TUI client shutting down
