[2m2025-12-02T19:13:26.588315Z[0m [32m INFO[0m ThreadId(01) [2macp_tui[0m[2m:[0m [2mcrates/acp-tui/src/main.rs[0m[2m:[0m[2m133:[0m Tracing initialized with comprehensive logging [3mlog_file[0m[2m=[0m./logs/acp-tui-2025-12-02-191326.log
[2m2025-12-02T19:13:26.588334Z[0m [32m INFO[0m ThreadId(01) [2macp_tui[0m[2m:[0m [2mcrates/acp-tui/src/main.rs[0m[2m:[0m[2m134:[0m All events will be logged to ./logs/acp-tui-2025-12-02-191326.log for debugging
[2m2025-12-02T19:13:26.588351Z[0m [32m INFO[0m ThreadId(01) [2macp_tui[0m[2m:[0m [2mcrates/acp-tui/src/main.rs[0m[2m:[0m[2m73:[0m Starting ACP TUI client
[2m2025-12-02T19:13:26.588354Z[0m [32m INFO[0m ThreadId(01) [2macp_tui[0m[2m:[0m [2mcrates/acp-tui/src/main.rs[0m[2m:[0m[2m74:[0m Server: http://localhost:9999
[2m2025-12-02T19:13:26.588357Z[0m [32m INFO[0m ThreadId(01) [2macp_tui[0m[2m:[0m [2mcrates/acp-tui/src/main.rs[0m[2m:[0m[2m140:[0m Testing connectivity to ACP server...
[2m2025-12-02T19:13:26.588374Z[0m [32m INFO[0m ThreadId(01) [1mtest_connection[0m[1m{[0m[3mserver_url[0m[2m=[0mhttp://localhost:9999[1m}[0m[2m:[0m [2macp_tui::client[0m[2m:[0m [2mcrates/acp-tui/src/client.rs[0m[2m:[0m[2m58:[0m new
[2m2025-12-02T19:13:26.588387Z[0m [32m INFO[0m ThreadId(01) [1mtest_connection[0m[1m{[0m[3mserver_url[0m[2m=[0mhttp://localhost:9999[1m}[0m[2m:[0m [2macp_tui::client[0m[2m:[0m [2mcrates/acp-tui/src/client.rs[0m[2m:[0m[2m58:[0m enter
[2m2025-12-02T19:13:26.647675Z[0m [32m INFO[0m ThreadId(01) [1mtest_connection[0m[1m{[0m[3mserver_url[0m[2m=[0mhttp://localhost:9999[1m}[0m[2m:[0m [2macp_tui::client[0m[2m:[0m [2mcrates/acp-tui/src/client.rs[0m[2m:[0m[2m58:[0m exit
[2m2025-12-02T19:13:26.648558Z[0m [32m INFO[0m ThreadId(01) [1mtest_connection[0m[1m{[0m[3mserver_url[0m[2m=[0mhttp://localhost:9999[1m}[0m[2m:[0m [2macp_tui::client[0m[2m:[0m [2mcrates/acp-tui/src/client.rs[0m[2m:[0m[2m58:[0m enter
[2m2025-12-02T19:13:26.648755Z[0m [32m INFO[0m ThreadId(01) [1mtest_connection[0m[1m{[0m[3mserver_url[0m[2m=[0mhttp://localhost:9999[1m}[0m[2m:[0m [2macp_tui::client[0m[2m:[0m [2mcrates/acp-tui/src/client.rs[0m[2m:[0m[2m58:[0m exit
[2m2025-12-02T19:13:26.648762Z[0m [32m INFO[0m ThreadId(01) [1mtest_connection[0m[1m{[0m[3mserver_url[0m[2m=[0mhttp://localhost:9999[1m}[0m[2m:[0m [2macp_tui::client[0m[2m:[0m [2mcrates/acp-tui/src/client.rs[0m[2m:[0m[2m58:[0m enter
[2m2025-12-02T19:13:26.648887Z[0m [32m INFO[0m ThreadId(01) [1mtest_connection[0m[1m{[0m[3mserver_url[0m[2m=[0mhttp://localhost:9999[1m}[0m[2m:[0m [2macp_tui::client[0m[2m:[0m [2mcrates/acp-tui/src/client.rs[0m[2m:[0m[2m58:[0m exit
[2m2025-12-02T19:13:26.648894Z[0m [32m INFO[0m ThreadId(01) [1mtest_connection[0m[1m{[0m[3mserver_url[0m[2m=[0mhttp://localhost:9999[1m}[0m[2m:[0m [2macp_tui::client[0m[2m:[0m [2mcrates/acp-tui/src/client.rs[0m[2m:[0m[2m58:[0m enter
[2m2025-12-02T19:13:26.648932Z[0m [32m INFO[0m ThreadId(01) [1mtest_connection[0m[1m{[0m[3mserver_url[0m[2m=[0mhttp://localhost:9999[1m}[0m[2m:[0m [2macp_tui::client[0m[2m:[0m [2mcrates/acp-tui/src/client.rs[0m[2m:[0m[2m58:[0m exit
[2m2025-12-02T19:13:26.648968Z[0m [32m INFO[0m ThreadId(01) [1mtest_connection[0m[1m{[0m[3mserver_url[0m[2m=[0mhttp://localhost:9999[1m}[0m[2m:[0m [2macp_tui::client[0m[2m:[0m [2mcrates/acp-tui/src/client.rs[0m[2m:[0m[2m58:[0m enter
[2m2025-12-02T19:13:26.648997Z[0m [32m INFO[0m ThreadId(01) [1mtest_connection[0m[1m{[0m[3mserver_url[0m[2m=[0mhttp://localhost:9999[1m}[0m[2m:[0m [2macp_tui::client[0m[2m:[0m [2mcrates/acp-tui/src/client.rs[0m[2m:[0m[2m58:[0m exit
[2m2025-12-02T19:13:26.651052Z[0m [32m INFO[0m ThreadId(01) [1mtest_connection[0m[1m{[0m[3mserver_url[0m[2m=[0mhttp://localhost:9999[1m}[0m[2m:[0m [2macp_tui::client[0m[2m:[0m [2mcrates/acp-tui/src/client.rs[0m[2m:[0m[2m58:[0m enter
[2m2025-12-02T19:13:26.652695Z[0m [32m INFO[0m ThreadId(01) [1mtest_connection[0m[1m{[0m[3mserver_url[0m[2m=[0mhttp://localhost:9999[1m}[0m[2m:[0m [2macp_tui::client[0m[2m:[0m [2mcrates/acp-tui/src/client.rs[0m[2m:[0m[2m58:[0m exit
[2m2025-12-02T19:13:26.652704Z[0m [32m INFO[0m ThreadId(01) [1mtest_connection[0m[1m{[0m[3mserver_url[0m[2m=[0mhttp://localhost:9999[1m}[0m[2m:[0m [2macp_tui::client[0m[2m:[0m [2mcrates/acp-tui/src/client.rs[0m[2m:[0m[2m58:[0m enter
[2m2025-12-02T19:13:26.652707Z[0m [32m INFO[0m ThreadId(01) [1mtest_connection[0m[1m{[0m[3mserver_url[0m[2m=[0mhttp://localhost:9999[1m}[0m[2m:[0m [2macp_tui::client[0m[2m:[0m [2mcrates/acp-tui/src/client.rs[0m[2m:[0m[2m58:[0m exit
[2m2025-12-02T19:13:26.652711Z[0m [32m INFO[0m ThreadId(01) [1mtest_connection[0m[1m{[0m[3mserver_url[0m[2m=[0mhttp://localhost:9999[1m}[0m[2m:[0m [2macp_tui::client[0m[2m:[0m [2mcrates/acp-tui/src/client.rs[0m[2m:[0m[2m58:[0m close [3mtime.busy[0m[2m=[0m61.3ms [3mtime.idle[0m[2m=[0m3.01ms
[2m2025-12-02T19:13:26.652722Z[0m [32m INFO[0m ThreadId(01) [2macp_tui[0m[2m:[0m [2mcrates/acp-tui/src/main.rs[0m[2m:[0m[2m144:[0m ✓ Connected to ACP server successfully
[2m2025-12-02T19:13:26.652726Z[0m [32m INFO[0m ThreadId(01) [2macp_tui[0m[2m:[0m [2mcrates/acp-tui/src/main.rs[0m[2m:[0m[2m145:[0m   Server status: healthy
[2m2025-12-02T19:13:26.652729Z[0m [32m INFO[0m ThreadId(01) [2macp_tui[0m[2m:[0m [2mcrates/acp-tui/src/main.rs[0m[2m:[0m[2m147:[0m   Server message: ACP server is running
[2m2025-12-02T19:13:26.652734Z[0m [32m INFO[0m ThreadId(01) [1mnew[0m[2m:[0m [2macp_tui::application[0m[2m:[0m [2mcrates/acp-tui/src/application/mod.rs[0m[2m:[0m[2m78:[0m new
[2m2025-12-02T19:13:26.652738Z[0m [32m INFO[0m ThreadId(01) [1mnew[0m[2m:[0m [2macp_tui::application[0m[2m:[0m [2mcrates/acp-tui/src/application/mod.rs[0m[2m:[0m[2m78:[0m enter
[2m2025-12-02T19:13:26.652741Z[0m [32m INFO[0m ThreadId(01) [1mnew[0m[2m:[0m [2macp_tui::application[0m[2m:[0m [2mcrates/acp-tui/src/application/mod.rs[0m[2m:[0m[2m80:[0m Initializing Elm-based ACP TUI application
[2m2025-12-02T19:13:26.656711Z[0m [32m INFO[0m ThreadId(01) [1mnew[0m[2m:[0m [2macp_tui::application[0m[2m:[0m [2mcrates/acp-tui/src/application/mod.rs[0m[2m:[0m[2m84:[0m Generated client ID: tui_4cf938796002b6b4
[2m2025-12-02T19:13:26.711739Z[0m [32m INFO[0m ThreadId(01) [1mnew[0m[2m:[0m [2macp_tui::application[0m[2m:[0m [2mcrates/acp-tui/src/application/mod.rs[0m[2m:[0m[2m141:[0m Application initialized successfully
[2m2025-12-02T19:13:26.711769Z[0m [32m INFO[0m ThreadId(01) [1mnew[0m[2m:[0m [2macp_tui::application[0m[2m:[0m [2mcrates/acp-tui/src/application/mod.rs[0m[2m:[0m[2m78:[0m exit
[2m2025-12-02T19:13:26.711775Z[0m [32m INFO[0m ThreadId(01) [1mnew[0m[2m:[0m [2macp_tui::application[0m[2m:[0m [2mcrates/acp-tui/src/application/mod.rs[0m[2m:[0m[2m78:[0m enter
[2m2025-12-02T19:13:26.711779Z[0m [32m INFO[0m ThreadId(01) [1mnew[0m[2m:[0m [2macp_tui::application[0m[2m:[0m [2mcrates/acp-tui/src/application/mod.rs[0m[2m:[0m[2m78:[0m exit
[2m2025-12-02T19:13:26.711782Z[0m [32m INFO[0m ThreadId(01) [1mnew[0m[2m:[0m [2macp_tui::application[0m[2m:[0m [2mcrates/acp-tui/src/application/mod.rs[0m[2m:[0m[2m78:[0m close [3mtime.busy[0m[2m=[0m59.0ms [3mtime.idle[0m[2m=[0m14.1µs
[2m2025-12-02T19:13:26.711794Z[0m [32m INFO[0m ThreadId(01) [1mrun[0m[2m:[0m [2macp_tui::application[0m[2m:[0m [2mcrates/acp-tui/src/application/mod.rs[0m[2m:[0m[2m157:[0m new
[2m2025-12-02T19:13:26.711799Z[0m [32m INFO[0m ThreadId(01) [1mrun[0m[2m:[0m [2macp_tui::application[0m[2m:[0m [2mcrates/acp-tui/src/application/mod.rs[0m[2m:[0m[2m157:[0m enter
[2m2025-12-02T19:13:26.711802Z[0m [32m INFO[0m ThreadId(01) [1mrun[0m[2m:[0m [2macp_tui::application[0m[2m:[0m [2mcrates/acp-tui/src/application/mod.rs[0m[2m:[0m[2m159:[0m Starting application main loop
[2m2025-12-02T19:13:26.711818Z[0m [32m INFO[0m ThreadId(01) [1mrun[0m[2m:[0m [2macp_tui::services::websocket_manager[0m[2m:[0m [2mcrates/acp-tui/src/services/websocket_manager.rs[0m[2m:[0m[2m34:[0m Starting WebSocket connection to http://localhost:9999
[2m2025-12-02T19:13:26.775348Z[0m [32m INFO[0m ThreadId(01) [1mrun[0m[2m:[0m [2macp_tui::services::api[0m[2m:[0m [2mcrates/acp-tui/src/services/api.rs[0m[2m:[0m[2m126:[0m Creating subscription for client: tui_4cf938796002b6b4
[2m2025-12-02T19:13:26.775511Z[0m [32m INFO[0m ThreadId(01) [1mrun[0m[2m:[0m [2macp_tui::application[0m[2m:[0m [2mcrates/acp-tui/src/application/mod.rs[0m[2m:[0m[2m157:[0m exit
[2m2025-12-02T19:13:26.776173Z[0m [32m INFO[0m ThreadId(01) [1mrun[0m[2m:[0m [2macp_tui::application[0m[2m:[0m [2mcrates/acp-tui/src/application/mod.rs[0m[2m:[0m[2m157:[0m enter
[2m2025-12-02T19:13:26.776309Z[0m [32m INFO[0m ThreadId(01) [1mrun[0m[2m:[0m [2macp_tui::application[0m[2m:[0m [2mcrates/acp-tui/src/application/mod.rs[0m[2m:[0m[2m157:[0m exit
[2m2025-12-02T19:13:26.776363Z[0m [32m INFO[0m ThreadId(01) [1mrun[0m[2m:[0m [2macp_tui::application[0m[2m:[0m [2mcrates/acp-tui/src/application/mod.rs[0m[2m:[0m[2m157:[0m enter
[2m2025-12-02T19:13:26.776505Z[0m [32m INFO[0m ThreadId(01) [1mrun[0m[2m:[0m [2macp_tui::application[0m[2m:[0m [2mcrates/acp-tui/src/application/mod.rs[0m[2m:[0m[2m157:[0m exit
[2m2025-12-02T19:13:26.776561Z[0m [32m INFO[0m ThreadId(01) [1mrun[0m[2m:[0m [2macp_tui::application[0m[2m:[0m [2mcrates/acp-tui/src/application/mod.rs[0m[2m:[0m[2m157:[0m enter
[2m2025-12-02T19:13:26.776604Z[0m [32m INFO[0m ThreadId(01) [1mrun[0m[2m:[0m [2macp_tui::application[0m[2m:[0m [2mcrates/acp-tui/src/application/mod.rs[0m[2m:[0m[2m157:[0m exit
[2m2025-12-02T19:13:26.776680Z[0m [32m INFO[0m ThreadId(01) [1mrun[0m[2m:[0m [2macp_tui::application[0m[2m:[0m [2mcrates/acp-tui/src/application/mod.rs[0m[2m:[0m[2m157:[0m enter
[2m2025-12-02T19:13:26.776703Z[0m [32m INFO[0m ThreadId(01) [1mrun[0m[2m:[0m [2macp_tui::application[0m[2m:[0m [2mcrates/acp-tui/src/application/mod.rs[0m[2m:[0m[2m157:[0m exit
[2m2025-12-02T19:13:26.778811Z[0m [32m INFO[0m ThreadId(01) [1mrun[0m[2m:[0m [2macp_tui::application[0m[2m:[0m [2mcrates/acp-tui/src/application/mod.rs[0m[2m:[0m[2m157:[0m enter
[2m2025-12-02T19:13:26.778910Z[0m [32m INFO[0m ThreadId(01) [1mrun[0m[2m:[0m [2macp_tui::services::api[0m[2m:[0m [2mcrates/acp-tui/src/services/api.rs[0m[2m:[0m[2m138:[0m Subscription created: sub_536d9c06-d528-4854-af10-2b718ac955cb
[2m2025-12-02T19:13:26.778922Z[0m [32m INFO[0m ThreadId(01) [1mrun[0m[2m:[0m [2macp_tui::services::websocket_manager[0m[2m:[0m [2mcrates/acp-tui/src/services/websocket_manager.rs[0m[2m:[0m[2m61:[0m WebSocket subscription created: sub_536d9c06-d528-4854-af10-2b718ac955cb
[2m2025-12-02T19:13:26.831113Z[0m [32m INFO[0m ThreadId(01) [1mrun[0m[2m:[0m [2macp_tui::services::websocket_manager[0m[2m:[0m [2mcrates/acp-tui/src/services/websocket_manager.rs[0m[2m:[0m[2m67:[0m Connecting to WebSocket: ws://localhost:9999/stream/sub_536d9c06-d528-4854-af10-2b718ac955cb
[2m2025-12-02T19:13:26.831180Z[0m [32m INFO[0m ThreadId(01) [1mrun[0m[2m:[0m [2macp_tui::application[0m[2m:[0m [2mcrates/acp-tui/src/application/mod.rs[0m[2m:[0m[2m157:[0m exit
[2m2025-12-02T19:13:26.832065Z[0m [32m INFO[0m ThreadId(01) [1mrun[0m[2m:[0m [2macp_tui::application[0m[2m:[0m [2mcrates/acp-tui/src/application/mod.rs[0m[2m:[0m[2m157:[0m enter
[2m2025-12-02T19:13:26.832195Z[0m [32m INFO[0m ThreadId(01) [1mrun[0m[2m:[0m [2macp_tui::application[0m[2m:[0m [2mcrates/acp-tui/src/application/mod.rs[0m[2m:[0m[2m157:[0m exit
[2m2025-12-02T19:13:26.832224Z[0m [32m INFO[0m ThreadId(01) [1mrun[0m[2m:[0m [2macp_tui::application[0m[2m:[0m [2mcrates/acp-tui/src/application/mod.rs[0m[2m:[0m[2m157:[0m enter
[2m2025-12-02T19:13:26.832417Z[0m [32m INFO[0m ThreadId(01) [1mrun[0m[2m:[0m [2macp_tui::application[0m[2m:[0m [2mcrates/acp-tui/src/application/mod.rs[0m[2m:[0m[2m157:[0m exit
[2m2025-12-02T19:13:26.832439Z[0m [32m INFO[0m ThreadId(01) [1mrun[0m[2m:[0m [2macp_tui::application[0m[2m:[0m [2mcrates/acp-tui/src/application/mod.rs[0m[2m:[0m[2m157:[0m enter
[2m2025-12-02T19:13:26.833794Z[0m [32m INFO[0m ThreadId(01) [1mrun[0m[2m:[0m [2macp_tui::application[0m[2m:[0m [2mcrates/acp-tui/src/application/mod.rs[0m[2m:[0m[2m157:[0m exit
[2m2025-12-02T19:13:26.835018Z[0m [32m INFO[0m ThreadId(01) [1mrun[0m[2m:[0m [2macp_tui::application[0m[2m:[0m [2mcrates/acp-tui/src/application/mod.rs[0m[2m:[0m[2m157:[0m enter
[2m2025-12-02T19:13:26.835058Z[0m [32m INFO[0m ThreadId(01) [1mrun[0m[2m:[0m [2macp_tui::services::websocket_manager[0m[2m:[0m [2mcrates/acp-tui/src/services/websocket_manager.rs[0m[2m:[0m[2m72:[0m WebSocket connected successfully with subscription: sub_536d9c06-d528-4854-af10-2b718ac955cb
[2m2025-12-02T19:13:27.731959Z[0m [32m INFO[0m ThreadId(01) [1mrun[0m[2m:[0m [2macp_tui::utils::event_logger[0m[2m:[0m [2mcrates/acp-tui/src/utils/event_logger.rs[0m[2m:[0m[2m137:[0m Component focus changed [3mevent[0m[2m=[0m"focus_change" [3mfrom[0m[2m=[0mQueryInput [3mto[0m[2m=[0mTimeline [3msuccess[0m[2m=[0mtrue
[2m2025-12-02T19:13:28.118821Z[0m [32m INFO[0m ThreadId(01) [1mrun[0m[2m:[0m [2macp_tui::utils::event_logger[0m[2m:[0m [2mcrates/acp-tui/src/utils/event_logger.rs[0m[2m:[0m[2m137:[0m Component focus changed [3mevent[0m[2m=[0m"focus_change" [3mfrom[0m[2m=[0mTimeline [3mto[0m[2m=[0mQueryInput [3msuccess[0m[2m=[0mtrue
[2m2025-12-02T19:13:29.619297Z[0m [32m INFO[0m ThreadId(01) [1mrun[0m[2m:[0m [2macp_tui::utils::event_logger[0m[2m:[0m [2mcrates/acp-tui/src/utils/event_logger.rs[0m[2m:[0m[2m137:[0m Component focus changed [3mevent[0m[2m=[0m"focus_change" [3mfrom[0m[2m=[0mQueryInput [3mto[0m[2m=[0mTimeline [3msuccess[0m[2m=[0mtrue
[2m2025-12-02T19:13:30.176539Z[0m [32m INFO[0m ThreadId(01) [1mrun[0m[2m:[0m [2macp_tui::application[0m[2m:[0m [2mcrates/acp-tui/src/application/mod.rs[0m[2m:[0m[2m232:[0m Quit message received, initiating shutdown
[2m2025-12-02T19:13:30.176570Z[0m [32m INFO[0m ThreadId(01) [1mrun[0m[2m:[0m [2macp_tui::utils::event_logger[0m[2m:[0m [2mcrates/acp-tui/src/utils/event_logger.rs[0m[2m:[0m[2m222:[0m Application lifecycle event [3mevent[0m[2m=[0m"lifecycle" [3mphase[0m[2m=[0m"shutdown_requested" [3mdetails[0m[2m=[0mNone
[2m2025-12-02T19:13:30.176581Z[0m [32m INFO[0m ThreadId(01) [1mrun[0m[2m:[0m [2macp_tui::application[0m[2m:[0m [2mcrates/acp-tui/src/application/mod.rs[0m[2m:[0m[2m198:[0m Initiating graceful shutdown
[2m2025-12-02T19:13:30.176586Z[0m [32m INFO[0m ThreadId(01) [1mrun[0m[2m:[0m [2macp_tui::services::websocket_manager[0m[2m:[0m [2mcrates/acp-tui/src/services/websocket_manager.rs[0m[2m:[0m[2m130:[0m Disconnecting WebSocket
[2m2025-12-02T19:13:30.176602Z[0m [32m INFO[0m ThreadId(01) [1mrun[0m[2m:[0m [2macp_tui::application[0m[2m:[0m [2mcrates/acp-tui/src/application/mod.rs[0m[2m:[0m[2m157:[0m exit
[2m2025-12-02T19:13:30.277869Z[0m [32m INFO[0m ThreadId(01) [1mrun[0m[2m:[0m [2macp_tui::application[0m[2m:[0m [2mcrates/acp-tui/src/application/mod.rs[0m[2m:[0m[2m157:[0m enter
[2m2025-12-02T19:13:30.277901Z[0m [32m INFO[0m ThreadId(01) [1mrun[0m[2m:[0m [2macp_tui::application[0m[2m:[0m [2mcrates/acp-tui/src/application/mod.rs[0m[2m:[0m[2m217:[0m Graceful shutdown complete
[2m2025-12-02T19:13:30.277907Z[0m [32m INFO[0m ThreadId(01) [1mrun[0m[2m:[0m [2macp_tui::application[0m[2m:[0m [2mcrates/acp-tui/src/application/mod.rs[0m[2m:[0m[2m157:[0m exit
[2m2025-12-02T19:13:30.277911Z[0m [32m INFO[0m ThreadId(01) [1mrun[0m[2m:[0m [2macp_tui::application[0m[2m:[0m [2mcrates/acp-tui/src/application/mod.rs[0m[2m:[0m[2m157:[0m enter
[2m2025-12-02T19:13:30.277915Z[0m [32m INFO[0m ThreadId(01) [1mrun[0m[2m:[0m [2macp_tui::application[0m[2m:[0m [2mcrates/acp-tui/src/application/mod.rs[0m[2m:[0m[2m157:[0m exit
[2m2025-12-02T19:13:30.277918Z[0m [32m INFO[0m ThreadId(01) [1mrun[0m[2m:[0m [2macp_tui::application[0m[2m:[0m [2mcrates/acp-tui/src/application/mod.rs[0m[2m:[0m[2m157:[0m close [3mtime.busy[0m[2m=[0m3.46s [3mtime.idle[0m[2m=[0m106ms
[2m2025-12-02T19:13:30.277925Z[0m [32m INFO[0m ThreadId(01) [1mcleanup[0m[2m:[0m [2macp_tui::application[0m[2m:[0m [2mcrates/acp-tui/src/application/mod.rs[0m[2m:[0m[2m407:[0m new
[2m2025-12-02T19:13:30.277928Z[0m [32m INFO[0m ThreadId(01) [1mcleanup[0m[2m:[0m [2macp_tui::application[0m[2m:[0m [2mcrates/acp-tui/src/application/mod.rs[0m[2m:[0m[2m407:[0m enter
[2m2025-12-02T19:13:30.277930Z[0m [32m INFO[0m ThreadId(01) [1mcleanup[0m[2m:[0m [2macp_tui::application[0m[2m:[0m [2mcrates/acp-tui/src/application/mod.rs[0m[2m:[0m[2m409:[0m Cleaning up application resources
[2m2025-12-02T19:13:30.277943Z[0m [32m INFO[0m ThreadId(01) [1mcleanup[0m[2m:[0m [2macp_tui::application[0m[2m:[0m [2mcrates/acp-tui/src/application/mod.rs[0m[2m:[0m[2m421:[0m Application cleanup completed
[2m2025-12-02T19:13:30.277946Z[0m [32m INFO[0m ThreadId(01) [1mcleanup[0m[2m:[0m [2macp_tui::application[0m[2m:[0m [2mcrates/acp-tui/src/application/mod.rs[0m[2m:[0m[2m407:[0m exit
[2m2025-12-02T19:13:30.277951Z[0m [32m INFO[0m ThreadId(01) [1mcleanup[0m[2m:[0m [2macp_tui::application[0m[2m:[0m [2mcrates/acp-tui/src/application/mod.rs[0m[2m:[0m[2m407:[0m close [3mtime.busy[0m[2m=[0m18.0µs [3mtime.idle[0m[2m=[0m7.48µs
[2m2025-12-02T19:13:30.278009Z[0m [32m INFO[0m ThreadId(15) [2macp_tui::services::websocket_manager[0m[2m:[0m [2mcrates/acp-tui/src/services/websocket_manager.rs[0m[2m:[0m[2m130:[0m Disconnecting WebSocket
[2m2025-12-02T19:13:30.279590Z[0m [32m INFO[0m ThreadId(01) [2macp_tui[0m[2m:[0m [2mcrates/acp-tui/src/main.rs[0m[2m:[0m[2m85:[0m ACP TUI client shutting down
